{"/Users/kate/demo2/client/src/App.jsx": {"path":"/Users/kate/demo2/client/src/App.jsx","statementMap":{"0":{"start":{"line":1,"column":14},"end":{"line":1,"column":30}},"1":{"start":{"line":2,"column":21},"end":{"line":2,"column":43}},"2":{"start":{"line":3,"column":14},"end":{"line":3,"column":36}},"3":{"start":{"line":5,"column":22},"end":{"line":5,"column":63}},"4":{"start":{"line":6,"column":14},"end":{"line":6,"column":47}},"5":{"start":{"line":8,"column":15},"end":{"line":8,"column":49}},"6":{"start":{"line":15,"column":4},"end":{"line":15,"column":42}},"7":{"start":{"line":18,"column":22},"end":{"line":18,"column":54}},"8":{"start":{"line":19,"column":10},"end":{"line":37,"column":1}},"9":{"start":{"line":20,"column":2},"end":{"line":36,"column":4}},"10":{"start":{"line":28,"column":12},"end":{"line":28,"column":72}},"11":{"start":{"line":29,"column":12},"end":{"line":29,"column":48}},"12":{"start":{"line":39,"column":0},"end":{"line":39,"column":21}}},"fnMap":{"0":{"name":"(anonymous_0)","decl":{"start":{"line":19,"column":10},"end":{"line":19,"column":11}},"loc":{"start":{"line":19,"column":16},"end":{"line":37,"column":1}},"line":19},"1":{"name":"(anonymous_1)","decl":{"start":{"line":27,"column":18},"end":{"line":27,"column":19}},"loc":{"start":{"line":27,"column":27},"end":{"line":30,"column":11}},"line":27}},"branchMap":{},"s":{"0":1,"1":1,"2":1,"3":1,"4":1,"5":1,"6":1,"7":1,"8":1,"9":1,"10":0,"11":0,"12":1},"f":{"0":1,"1":0},"b":{},"_coverageSchema":"43e27e138ebf9cfc5966b082cf9a028302ed4184","hash":"533f0db2cbdf329d596b9a5508c7e7f62d4f8557"}
,"/Users/kate/demo2/client/src/styles.js": {"path":"/Users/kate/demo2/client/src/styles.js","statementMap":{"0":{"start":{"line":1,"column":0},"end":{"line":32,"column":2}}},"fnMap":{},"branchMap":{},"s":{"0":2},"f":{},"b":{},"_coverageSchema":"43e27e138ebf9cfc5966b082cf9a028302ed4184","hash":"768f2bc8450c60fbdac45b3fd2ca7a47225d4ed7"}
,"/Users/kate/demo2/client/src/components/Omni.jsx": {"path":"/Users/kate/demo2/client/src/components/Omni.jsx","statementMap":{"0":{"start":{"line":1,"column":14},"end":{"line":1,"column":30}},"1":{"start":{"line":2,"column":22},"end":{"line":2,"column":38}},"2":{"start":{"line":3,"column":22},"end":{"line":3,"column":50}},"3":{"start":{"line":4,"column":17},"end":{"line":4,"column":62}},"4":{"start":{"line":5,"column":12},"end":{"line":5,"column":52}},"5":{"start":{"line":6,"column":16},"end":{"line":6,"column":60}},"6":{"start":{"line":7,"column":16},"end":{"line":7,"column":60}},"7":{"start":{"line":9,"column":0},"end":{"line":20,"column":2}},"8":{"start":{"line":10,"column":2},"end":{"line":19,"column":4}}},"fnMap":{"0":{"name":"(anonymous_0)","decl":{"start":{"line":9,"column":17},"end":{"line":9,"column":18}},"loc":{"start":{"line":9,"column":26},"end":{"line":20,"column":1}},"line":9}},"branchMap":{},"s":{"0":1,"1":1,"2":1,"3":1,"4":1,"5":1,"6":1,"7":1,"8":0},"f":{"0":0},"b":{},"_coverageSchema":"43e27e138ebf9cfc5966b082cf9a028302ed4184","hash":"323613050ce1e5c6c9cde7a6ac870729249b6f70"}
,"/Users/kate/demo2/client/src/components/Overview/AddCartMessage.jsx": {"path":"/Users/kate/demo2/client/src/components/Overview/AddCartMessage.jsx","statementMap":{"0":{"start":{"line":1,"column":14},"end":{"line":1,"column":30}},"1":{"start":{"line":2,"column":41},"end":{"line":2,"column":69}},"2":{"start":{"line":3,"column":23},"end":{"line":3,"column":58}},"3":{"start":{"line":4,"column":18},"end":{"line":4,"column":47}},"4":{"start":{"line":6,"column":18},"end":{"line":14,"column":3}},"5":{"start":{"line":6,"column":39},"end":{"line":14,"column":1}},"6":{"start":{"line":16,"column":0},"end":{"line":68,"column":2}},"7":{"start":{"line":17,"column":18},"end":{"line":17,"column":29}},"8":{"start":{"line":18,"column":26},"end":{"line":18,"column":47}},"9":{"start":{"line":21,"column":4},"end":{"line":21,"column":18}},"10":{"start":{"line":22,"column":4},"end":{"line":22,"column":22}},"11":{"start":{"line":26,"column":4},"end":{"line":28,"column":5}},"12":{"start":{"line":27,"column":6},"end":{"line":27,"column":13}},"13":{"start":{"line":30,"column":4},"end":{"line":30,"column":19}},"14":{"start":{"line":33,"column":2},"end":{"line":67,"column":4}},"15":{"start":{"line":70,"column":0},"end":{"line":70,"column":32}}},"fnMap":{"0":{"name":"(anonymous_0)","decl":{"start":{"line":6,"column":29},"end":{"line":6,"column":30}},"loc":{"start":{"line":6,"column":39},"end":{"line":14,"column":1}},"line":6},"1":{"name":"(anonymous_1)","decl":{"start":{"line":16,"column":17},"end":{"line":16,"column":18}},"loc":{"start":{"line":16,"column":42},"end":{"line":68,"column":1}},"line":16},"2":{"name":"handleClick","decl":{"start":{"line":20,"column":11},"end":{"line":20,"column":22}},"loc":{"start":{"line":20,"column":25},"end":{"line":23,"column":3}},"line":20},"3":{"name":"handleClose","decl":{"start":{"line":25,"column":11},"end":{"line":25,"column":22}},"loc":{"start":{"line":25,"column":38},"end":{"line":31,"column":3}},"line":25}},"branchMap":{"0":{"loc":{"start":{"line":26,"column":4},"end":{"line":28,"column":5}},"type":"if","locations":[{"start":{"line":26,"column":4},"end":{"line":28,"column":5}},{"start":{"line":26,"column":4},"end":{"line":28,"column":5}}],"line":26}},"s":{"0":1,"1":1,"2":1,"3":1,"4":1,"5":0,"6":1,"7":0,"8":0,"9":0,"10":0,"11":0,"12":0,"13":0,"14":0,"15":1},"f":{"0":0,"1":0,"2":0,"3":0},"b":{"0":[0,0]},"_coverageSchema":"43e27e138ebf9cfc5966b082cf9a028302ed4184","hash":"50dc54d2069b5c9049ed121e1fa8fb6aafa7c274"}
,"/Users/kate/demo2/client/src/components/Overview/AddToCart.jsx": {"path":"/Users/kate/demo2/client/src/components/Overview/AddToCart.jsx","statementMap":{"0":{"start":{"line":1,"column":14},"end":{"line":1,"column":30}},"1":{"start":{"line":2,"column":19},"end":{"line":2,"column":47}},"2":{"start":{"line":3,"column":23},"end":{"line":3,"column":54}},"3":{"start":{"line":4,"column":14},"end":{"line":4,"column":56}},"4":{"start":{"line":6,"column":18},"end":{"line":36,"column":1}},"5":{"start":{"line":7,"column":2},"end":{"line":19,"column":4}},"6":{"start":{"line":8,"column":4},"end":{"line":18,"column":9}},"7":{"start":{"line":14,"column":8},"end":{"line":14,"column":18}},"8":{"start":{"line":17,"column":8},"end":{"line":17,"column":25}},"9":{"start":{"line":20,"column":2},"end":{"line":35,"column":4}},"10":{"start":{"line":38,"column":0},"end":{"line":38,"column":27}}},"fnMap":{"0":{"name":"(anonymous_0)","decl":{"start":{"line":6,"column":18},"end":{"line":6,"column":19}},"loc":{"start":{"line":6,"column":55},"end":{"line":36,"column":1}},"line":6},"1":{"name":"(anonymous_1)","decl":{"start":{"line":7,"column":16},"end":{"line":7,"column":17}},"loc":{"start":{"line":7,"column":22},"end":{"line":19,"column":3}},"line":7},"2":{"name":"(anonymous_2)","decl":{"start":{"line":13,"column":12},"end":{"line":13,"column":13}},"loc":{"start":{"line":13,"column":18},"end":{"line":15,"column":7}},"line":13},"3":{"name":"(anonymous_3)","decl":{"start":{"line":16,"column":13},"end":{"line":16,"column":14}},"loc":{"start":{"line":16,"column":20},"end":{"line":18,"column":7}},"line":16}},"branchMap":{"0":{"loc":{"start":{"line":22,"column":7},"end":{"line":33,"column":7}},"type":"cond-expr","locations":[{"start":{"line":23,"column":8},"end":{"line":23,"column":75}},{"start":{"line":25,"column":8},"end":{"line":32,"column":17}}],"line":22}},"s":{"0":1,"1":1,"2":1,"3":1,"4":1,"5":0,"6":0,"7":0,"8":0,"9":0,"10":1},"f":{"0":0,"1":0,"2":0,"3":0},"b":{"0":[0,0]},"_coverageSchema":"43e27e138ebf9cfc5966b082cf9a028302ed4184","hash":"ad8f0f381f2bdae05aecbf76c60a075b4493d460"}
,"/Users/kate/demo2/client/src/components/Overview/App.jsx": {"path":"/Users/kate/demo2/client/src/components/Overview/App.jsx","statementMap":{"0":{"start":{"line":1,"column":14},"end":{"line":1,"column":30}},"1":{"start":{"line":2,"column":32},"end":{"line":2,"column":48}},"2":{"start":{"line":3,"column":21},"end":{"line":3,"column":50}},"3":{"start":{"line":4,"column":27},"end":{"line":4,"column":62}},"4":{"start":{"line":5,"column":22},"end":{"line":5,"column":52}},"5":{"start":{"line":6,"column":27},"end":{"line":6,"column":62}},"6":{"start":{"line":7,"column":17},"end":{"line":7,"column":45}},"7":{"start":{"line":8,"column":25},"end":{"line":8,"column":58}},"8":{"start":{"line":9,"column":27},"end":{"line":9,"column":62}},"9":{"start":{"line":10,"column":18},"end":{"line":10,"column":44}},"10":{"start":{"line":11,"column":17},"end":{"line":11,"column":42}},"11":{"start":{"line":12,"column":19},"end":{"line":12,"column":46}},"12":{"start":{"line":13,"column":14},"end":{"line":13,"column":56}},"13":{"start":{"line":15,"column":12},"end":{"line":205,"column":1}},"14":{"start":{"line":16,"column":28},"end":{"line":19,"column":4}},"15":{"start":{"line":21,"column":44},"end":{"line":21,"column":56}},"16":{"start":{"line":22,"column":40},"end":{"line":22,"column":52}},"17":{"start":{"line":23,"column":42},"end":{"line":23,"column":59}},"18":{"start":{"line":24,"column":42},"end":{"line":24,"column":63}},"19":{"start":{"line":26,"column":23},"end":{"line":28,"column":3}},"20":{"start":{"line":27,"column":4},"end":{"line":27,"column":35}},"21":{"start":{"line":30,"column":22},"end":{"line":32,"column":3}},"22":{"start":{"line":31,"column":4},"end":{"line":31,"column":72}},"23":{"start":{"line":34,"column":29},"end":{"line":36,"column":3}},"24":{"start":{"line":35,"column":4},"end":{"line":35,"column":52}},"25":{"start":{"line":38,"column":21},"end":{"line":40,"column":3}},"26":{"start":{"line":39,"column":4},"end":{"line":39,"column":39}},"27":{"start":{"line":42,"column":23},"end":{"line":44,"column":3}},"28":{"start":{"line":43,"column":4},"end":{"line":43,"column":26}},"29":{"start":{"line":46,"column":21},"end":{"line":48,"column":3}},"30":{"start":{"line":47,"column":4},"end":{"line":47,"column":27}},"31":{"start":{"line":50,"column":25},"end":{"line":57,"column":3}},"32":{"start":{"line":51,"column":4},"end":{"line":53,"column":5}},"33":{"start":{"line":52,"column":6},"end":{"line":52,"column":44}},"34":{"start":{"line":54,"column":4},"end":{"line":56,"column":5}},"35":{"start":{"line":55,"column":6},"end":{"line":55,"column":45}},"36":{"start":{"line":59,"column":18},"end":{"line":94,"column":3}},"37":{"start":{"line":60,"column":4},"end":{"line":93,"column":9}},"38":{"start":{"line":63,"column":21},"end":{"line":69,"column":9}},"39":{"start":{"line":65,"column":12},"end":{"line":67,"column":14}},"40":{"start":{"line":71,"column":24},"end":{"line":75,"column":9}},"41":{"start":{"line":73,"column":12},"end":{"line":73,"column":75}},"42":{"start":{"line":77,"column":8},"end":{"line":77,"column":48}},"43":{"start":{"line":80,"column":8},"end":{"line":84,"column":10}},"44":{"start":{"line":82,"column":12},"end":{"line":82,"column":57}},"45":{"start":{"line":85,"column":8},"end":{"line":89,"column":10}},"46":{"start":{"line":87,"column":12},"end":{"line":87,"column":32}},"47":{"start":{"line":92,"column":8},"end":{"line":92,"column":25}},"48":{"start":{"line":96,"column":2},"end":{"line":98,"column":9}},"49":{"start":{"line":97,"column":4},"end":{"line":97,"column":14}},"50":{"start":{"line":100,"column":2},"end":{"line":103,"column":23}},"51":{"start":{"line":101,"column":4},"end":{"line":101,"column":17}},"52":{"start":{"line":102,"column":4},"end":{"line":102,"column":20}},"53":{"start":{"line":105,"column":2},"end":{"line":204,"column":4}},"54":{"start":{"line":110,"column":14},"end":{"line":110,"column":45}},"55":{"start":{"line":207,"column":0},"end":{"line":207,"column":21}}},"fnMap":{"0":{"name":"(anonymous_0)","decl":{"start":{"line":15,"column":12},"end":{"line":15,"column":13}},"loc":{"start":{"line":15,"column":36},"end":{"line":205,"column":1}},"line":15},"1":{"name":"(anonymous_1)","decl":{"start":{"line":26,"column":23},"end":{"line":26,"column":24}},"loc":{"start":{"line":26,"column":40},"end":{"line":28,"column":3}},"line":26},"2":{"name":"(anonymous_2)","decl":{"start":{"line":30,"column":22},"end":{"line":30,"column":23}},"loc":{"start":{"line":30,"column":31},"end":{"line":32,"column":3}},"line":30},"3":{"name":"(anonymous_3)","decl":{"start":{"line":34,"column":29},"end":{"line":34,"column":30}},"loc":{"start":{"line":34,"column":38},"end":{"line":36,"column":3}},"line":34},"4":{"name":"(anonymous_4)","decl":{"start":{"line":38,"column":21},"end":{"line":38,"column":22}},"loc":{"start":{"line":38,"column":27},"end":{"line":40,"column":3}},"line":38},"5":{"name":"(anonymous_5)","decl":{"start":{"line":42,"column":23},"end":{"line":42,"column":24}},"loc":{"start":{"line":42,"column":29},"end":{"line":44,"column":3}},"line":42},"6":{"name":"(anonymous_6)","decl":{"start":{"line":46,"column":21},"end":{"line":46,"column":22}},"loc":{"start":{"line":46,"column":27},"end":{"line":48,"column":3}},"line":46},"7":{"name":"(anonymous_7)","decl":{"start":{"line":50,"column":25},"end":{"line":50,"column":26}},"loc":{"start":{"line":50,"column":33},"end":{"line":57,"column":3}},"line":50},"8":{"name":"(anonymous_8)","decl":{"start":{"line":59,"column":18},"end":{"line":59,"column":19}},"loc":{"start":{"line":59,"column":24},"end":{"line":94,"column":3}},"line":59},"9":{"name":"(anonymous_9)","decl":{"start":{"line":62,"column":12},"end":{"line":62,"column":13}},"loc":{"start":{"line":62,"column":24},"end":{"line":78,"column":7}},"line":62},"10":{"name":"(anonymous_10)","decl":{"start":{"line":64,"column":28},"end":{"line":64,"column":29}},"loc":{"start":{"line":64,"column":39},"end":{"line":68,"column":11}},"line":64},"11":{"name":"(anonymous_11)","decl":{"start":{"line":72,"column":28},"end":{"line":72,"column":29}},"loc":{"start":{"line":72,"column":39},"end":{"line":74,"column":11}},"line":72},"12":{"name":"(anonymous_12)","decl":{"start":{"line":79,"column":12},"end":{"line":79,"column":13}},"loc":{"start":{"line":79,"column":24},"end":{"line":90,"column":7}},"line":79},"13":{"name":"(anonymous_13)","decl":{"start":{"line":81,"column":26},"end":{"line":81,"column":27}},"loc":{"start":{"line":81,"column":37},"end":{"line":83,"column":11}},"line":81},"14":{"name":"(anonymous_14)","decl":{"start":{"line":86,"column":26},"end":{"line":86,"column":27}},"loc":{"start":{"line":86,"column":37},"end":{"line":88,"column":11}},"line":86},"15":{"name":"(anonymous_15)","decl":{"start":{"line":91,"column":13},"end":{"line":91,"column":14}},"loc":{"start":{"line":91,"column":20},"end":{"line":93,"column":7}},"line":91},"16":{"name":"(anonymous_16)","decl":{"start":{"line":96,"column":12},"end":{"line":96,"column":13}},"loc":{"start":{"line":96,"column":18},"end":{"line":98,"column":3}},"line":96},"17":{"name":"(anonymous_17)","decl":{"start":{"line":100,"column":12},"end":{"line":100,"column":13}},"loc":{"start":{"line":100,"column":18},"end":{"line":103,"column":3}},"line":100},"18":{"name":"(anonymous_18)","decl":{"start":{"line":109,"column":48},"end":{"line":109,"column":49}},"loc":{"start":{"line":109,"column":57},"end":{"line":111,"column":13}},"line":109}},"branchMap":{"0":{"loc":{"start":{"line":51,"column":4},"end":{"line":53,"column":5}},"type":"if","locations":[{"start":{"line":51,"column":4},"end":{"line":53,"column":5}},{"start":{"line":51,"column":4},"end":{"line":53,"column":5}}],"line":51},"1":{"loc":{"start":{"line":54,"column":4},"end":{"line":56,"column":5}},"type":"if","locations":[{"start":{"line":54,"column":4},"end":{"line":56,"column":5}},{"start":{"line":54,"column":4},"end":{"line":56,"column":5}}],"line":54},"2":{"loc":{"start":{"line":107,"column":7},"end":{"line":113,"column":14}},"type":"cond-expr","locations":[{"start":{"line":108,"column":10},"end":{"line":112,"column":11}},{"start":{"line":113,"column":10},"end":{"line":113,"column":14}}],"line":107},"3":{"loc":{"start":{"line":107,"column":7},"end":{"line":107,"column":62}},"type":"binary-expr","locations":[{"start":{"line":107,"column":7},"end":{"line":107,"column":38}},{"start":{"line":107,"column":42},"end":{"line":107,"column":62}}],"line":107},"4":{"loc":{"start":{"line":123,"column":9},"end":{"line":151,"column":9}},"type":"cond-expr","locations":[{"start":{"line":124,"column":10},"end":{"line":132,"column":17}},{"start":{"line":134,"column":10},"end":{"line":150,"column":17}}],"line":123},"5":{"loc":{"start":{"line":153,"column":9},"end":{"line":195,"column":16}},"type":"cond-expr","locations":[{"start":{"line":154,"column":10},"end":{"line":194,"column":17}},{"start":{"line":195,"column":12},"end":{"line":195,"column":16}}],"line":153},"6":{"loc":{"start":{"line":156,"column":15},"end":{"line":162,"column":22}},"type":"cond-expr","locations":[{"start":{"line":157,"column":16},"end":{"line":161,"column":18}},{"start":{"line":162,"column":18},"end":{"line":162,"column":22}}],"line":156},"7":{"loc":{"start":{"line":175,"column":17},"end":{"line":182,"column":24}},"type":"cond-expr","locations":[{"start":{"line":176,"column":18},"end":{"line":181,"column":20}},{"start":{"line":182,"column":20},"end":{"line":182,"column":24}}],"line":175}},"s":{"0":1,"1":1,"2":1,"3":1,"4":1,"5":1,"6":1,"7":1,"8":1,"9":1,"10":1,"11":1,"12":1,"13":1,"14":0,"15":0,"16":0,"17":0,"18":0,"19":0,"20":0,"21":0,"22":0,"23":0,"24":0,"25":0,"26":0,"27":0,"28":0,"29":0,"30":0,"31":0,"32":0,"33":0,"34":0,"35":0,"36":0,"37":0,"38":0,"39":0,"40":0,"41":0,"42":0,"43":0,"44":0,"45":0,"46":0,"47":0,"48":0,"49":0,"50":0,"51":0,"52":0,"53":0,"54":0,"55":1},"f":{"0":0,"1":0,"2":0,"3":0,"4":0,"5":0,"6":0,"7":0,"8":0,"9":0,"10":0,"11":0,"12":0,"13":0,"14":0,"15":0,"16":0,"17":0,"18":0},"b":{"0":[0,0],"1":[0,0],"2":[0,0],"3":[0,0],"4":[0,0],"5":[0,0],"6":[0,0],"7":[0,0]},"_coverageSchema":"43e27e138ebf9cfc5966b082cf9a028302ed4184","hash":"8791a61abba0d8cad4562c32b6384c92fb0ee9b2"}
,"/Users/kate/demo2/client/src/components/Overview/ImageGallery.jsx": {"path":"/Users/kate/demo2/client/src/components/Overview/ImageGallery.jsx","statementMap":{"0":{"start":{"line":1,"column":14},"end":{"line":1,"column":30}},"1":{"start":{"line":2,"column":17},"end":{"line":2,"column":52}},"2":{"start":{"line":3,"column":27},"end":{"line":3,"column":60}},"3":{"start":{"line":5,"column":21},"end":{"line":112,"column":1}},"4":{"start":{"line":13,"column":20},"end":{"line":18,"column":3}},"5":{"start":{"line":20,"column":22},"end":{"line":22,"column":3}},"6":{"start":{"line":21,"column":4},"end":{"line":21,"column":19}},"7":{"start":{"line":24,"column":2},"end":{"line":111,"column":4}},"8":{"start":{"line":35,"column":14},"end":{"line":42,"column":15}},"9":{"start":{"line":36,"column":16},"end":{"line":36,"column":49}},"10":{"start":{"line":37,"column":16},"end":{"line":37,"column":59}},"11":{"start":{"line":38,"column":16},"end":{"line":38,"column":58}},"12":{"start":{"line":40,"column":16},"end":{"line":40,"column":34}},"13":{"start":{"line":41,"column":16},"end":{"line":41,"column":64}},"14":{"start":{"line":43,"column":14},"end":{"line":67,"column":16}},"15":{"start":{"line":74,"column":14},"end":{"line":81,"column":15}},"16":{"start":{"line":75,"column":16},"end":{"line":75,"column":49}},"17":{"start":{"line":76,"column":16},"end":{"line":76,"column":59}},"18":{"start":{"line":77,"column":16},"end":{"line":77,"column":58}},"19":{"start":{"line":79,"column":16},"end":{"line":79,"column":34}},"20":{"start":{"line":80,"column":16},"end":{"line":80,"column":64}},"21":{"start":{"line":82,"column":14},"end":{"line":106,"column":16}},"22":{"start":{"line":114,"column":0},"end":{"line":114,"column":30}}},"fnMap":{"0":{"name":"(anonymous_0)","decl":{"start":{"line":5,"column":21},"end":{"line":5,"column":22}},"loc":{"start":{"line":12,"column":6},"end":{"line":112,"column":1}},"line":12},"1":{"name":"(anonymous_1)","decl":{"start":{"line":20,"column":22},"end":{"line":20,"column":23}},"loc":{"start":{"line":20,"column":28},"end":{"line":22,"column":3}},"line":20},"2":{"name":"(anonymous_2)","decl":{"start":{"line":33,"column":55},"end":{"line":33,"column":56}},"loc":{"start":{"line":33,"column":69},"end":{"line":68,"column":13}},"line":33},"3":{"name":"(anonymous_3)","decl":{"start":{"line":72,"column":30},"end":{"line":72,"column":31}},"loc":{"start":{"line":72,"column":44},"end":{"line":107,"column":13}},"line":72}},"branchMap":{"0":{"loc":{"start":{"line":32,"column":9},"end":{"line":69,"column":16}},"type":"cond-expr","locations":[{"start":{"line":33,"column":12},"end":{"line":68,"column":14}},{"start":{"line":69,"column":12},"end":{"line":69,"column":16}}],"line":32},"1":{"loc":{"start":{"line":32,"column":9},"end":{"line":32,"column":58}},"type":"binary-expr","locations":[{"start":{"line":32,"column":9},"end":{"line":32,"column":40}},{"start":{"line":32,"column":44},"end":{"line":32,"column":58}}],"line":32},"2":{"loc":{"start":{"line":35,"column":14},"end":{"line":42,"column":15}},"type":"if","locations":[{"start":{"line":35,"column":14},"end":{"line":42,"column":15}},{"start":{"line":35,"column":14},"end":{"line":42,"column":15}}],"line":35},"3":{"loc":{"start":{"line":45,"column":19},"end":{"line":65,"column":19}},"type":"cond-expr","locations":[{"start":{"line":46,"column":20},"end":{"line":51,"column":22}},{"start":{"line":53,"column":20},"end":{"line":64,"column":22}}],"line":45},"4":{"loc":{"start":{"line":71,"column":9},"end":{"line":108,"column":16}},"type":"cond-expr","locations":[{"start":{"line":72,"column":12},"end":{"line":107,"column":14}},{"start":{"line":108,"column":12},"end":{"line":108,"column":16}}],"line":71},"5":{"loc":{"start":{"line":74,"column":14},"end":{"line":81,"column":15}},"type":"if","locations":[{"start":{"line":74,"column":14},"end":{"line":81,"column":15}},{"start":{"line":74,"column":14},"end":{"line":81,"column":15}}],"line":74},"6":{"loc":{"start":{"line":84,"column":19},"end":{"line":104,"column":19}},"type":"cond-expr","locations":[{"start":{"line":85,"column":20},"end":{"line":90,"column":22}},{"start":{"line":92,"column":20},"end":{"line":103,"column":22}}],"line":84}},"s":{"0":1,"1":1,"2":1,"3":1,"4":0,"5":0,"6":0,"7":0,"8":0,"9":0,"10":0,"11":0,"12":0,"13":0,"14":0,"15":0,"16":0,"17":0,"18":0,"19":0,"20":0,"21":0,"22":1},"f":{"0":0,"1":0,"2":0,"3":0},"b":{"0":[0,0],"1":[0,0],"2":[0,0],"3":[0,0],"4":[0,0],"5":[0,0],"6":[0,0]},"_coverageSchema":"43e27e138ebf9cfc5966b082cf9a028302ed4184","hash":"e6d439a79b28c4dd79da8d93afa7c9c04f923d65"}
,"/Users/kate/demo2/client/src/components/Overview/ImageGalleryList.jsx": {"path":"/Users/kate/demo2/client/src/components/Overview/ImageGalleryList.jsx","statementMap":{"0":{"start":{"line":1,"column":14},"end":{"line":1,"column":30}},"1":{"start":{"line":2,"column":21},"end":{"line":2,"column":49}},"2":{"start":{"line":3,"column":25},"end":{"line":3,"column":53}},"3":{"start":{"line":4,"column":23},"end":{"line":4,"column":58}},"4":{"start":{"line":6,"column":25},"end":{"line":62,"column":1}},"5":{"start":{"line":7,"column":20},"end":{"line":16,"column":5}},"6":{"start":{"line":7,"column":41},"end":{"line":16,"column":3}},"7":{"start":{"line":17,"column":18},"end":{"line":17,"column":29}},"8":{"start":{"line":18,"column":31},"end":{"line":18,"column":45}},"9":{"start":{"line":19,"column":22},"end":{"line":21,"column":3}},"10":{"start":{"line":20,"column":4},"end":{"line":20,"column":24}},"11":{"start":{"line":23,"column":2},"end":{"line":61,"column":4}},"12":{"start":{"line":28,"column":14},"end":{"line":39,"column":16}},"13":{"start":{"line":29,"column":53},"end":{"line":29,"column":67}},"14":{"start":{"line":45,"column":14},"end":{"line":56,"column":16}},"15":{"start":{"line":46,"column":53},"end":{"line":46,"column":67}},"16":{"start":{"line":64,"column":0},"end":{"line":64,"column":34}}},"fnMap":{"0":{"name":"(anonymous_0)","decl":{"start":{"line":6,"column":25},"end":{"line":6,"column":26}},"loc":{"start":{"line":6,"column":71},"end":{"line":62,"column":1}},"line":6},"1":{"name":"(anonymous_1)","decl":{"start":{"line":7,"column":31},"end":{"line":7,"column":32}},"loc":{"start":{"line":7,"column":41},"end":{"line":16,"column":3}},"line":7},"2":{"name":"(anonymous_2)","decl":{"start":{"line":19,"column":22},"end":{"line":19,"column":23}},"loc":{"start":{"line":19,"column":31},"end":{"line":21,"column":3}},"line":19},"3":{"name":"(anonymous_3)","decl":{"start":{"line":27,"column":61},"end":{"line":27,"column":62}},"loc":{"start":{"line":27,"column":75},"end":{"line":40,"column":13}},"line":27},"4":{"name":"(anonymous_4)","decl":{"start":{"line":29,"column":47},"end":{"line":29,"column":48}},"loc":{"start":{"line":29,"column":53},"end":{"line":29,"column":67}},"line":29},"5":{"name":"(anonymous_5)","decl":{"start":{"line":44,"column":30},"end":{"line":44,"column":31}},"loc":{"start":{"line":44,"column":44},"end":{"line":57,"column":13}},"line":44},"6":{"name":"(anonymous_6)","decl":{"start":{"line":46,"column":47},"end":{"line":46,"column":48}},"loc":{"start":{"line":46,"column":53},"end":{"line":46,"column":67}},"line":46}},"branchMap":{"0":{"loc":{"start":{"line":26,"column":9},"end":{"line":41,"column":16}},"type":"cond-expr","locations":[{"start":{"line":27,"column":12},"end":{"line":40,"column":14}},{"start":{"line":41,"column":12},"end":{"line":41,"column":16}}],"line":26},"1":{"loc":{"start":{"line":26,"column":9},"end":{"line":26,"column":64}},"type":"binary-expr","locations":[{"start":{"line":26,"column":9},"end":{"line":26,"column":46}},{"start":{"line":26,"column":50},"end":{"line":26,"column":64}}],"line":26},"2":{"loc":{"start":{"line":30,"column":19},"end":{"line":37,"column":19}},"type":"cond-expr","locations":[{"start":{"line":31,"column":20},"end":{"line":31,"column":66}},{"start":{"line":33,"column":20},"end":{"line":36,"column":22}}],"line":30},"3":{"loc":{"start":{"line":43,"column":9},"end":{"line":58,"column":16}},"type":"cond-expr","locations":[{"start":{"line":44,"column":12},"end":{"line":57,"column":14}},{"start":{"line":58,"column":12},"end":{"line":58,"column":16}}],"line":43},"4":{"loc":{"start":{"line":47,"column":19},"end":{"line":54,"column":19}},"type":"cond-expr","locations":[{"start":{"line":48,"column":20},"end":{"line":48,"column":66}},{"start":{"line":50,"column":20},"end":{"line":53,"column":22}}],"line":47}},"s":{"0":1,"1":1,"2":1,"3":1,"4":1,"5":0,"6":0,"7":0,"8":0,"9":0,"10":0,"11":0,"12":0,"13":0,"14":0,"15":0,"16":1},"f":{"0":0,"1":0,"2":0,"3":0,"4":0,"5":0,"6":0},"b":{"0":[0,0],"1":[0,0],"2":[0,0],"3":[0,0],"4":[0,0]},"_coverageSchema":"43e27e138ebf9cfc5966b082cf9a028302ed4184","hash":"cb499f82d5c6038ce395690be20ff1838ebbe3f5"}
,"/Users/kate/demo2/client/src/components/Overview/ProductDescription.jsx": {"path":"/Users/kate/demo2/client/src/components/Overview/ProductDescription.jsx","statementMap":{"0":{"start":{"line":1,"column":14},"end":{"line":1,"column":30}},"1":{"start":{"line":3,"column":27},"end":{"line":12,"column":1}},"2":{"start":{"line":4,"column":2},"end":{"line":11,"column":4}},"3":{"start":{"line":14,"column":0},"end":{"line":14,"column":36}}},"fnMap":{"0":{"name":"(anonymous_0)","decl":{"start":{"line":3,"column":27},"end":{"line":3,"column":28}},"loc":{"start":{"line":3,"column":51},"end":{"line":12,"column":1}},"line":3}},"branchMap":{},"s":{"0":1,"1":1,"2":0,"3":1},"f":{"0":0},"b":{},"_coverageSchema":"43e27e138ebf9cfc5966b082cf9a028302ed4184","hash":"55adfc1c0f9f47a71485b97108e780356178b762"}
,"/Users/kate/demo2/client/src/components/Overview/ProductInformation.jsx": {"path":"/Users/kate/demo2/client/src/components/Overview/ProductInformation.jsx","statementMap":{"0":{"start":{"line":1,"column":14},"end":{"line":1,"column":30}},"1":{"start":{"line":2,"column":17},"end":{"line":2,"column":50}},"2":{"start":{"line":3,"column":23},"end":{"line":3,"column":51}},"3":{"start":{"line":4,"column":23},"end":{"line":4,"column":58}},"4":{"start":{"line":6,"column":27},"end":{"line":70,"column":1}},"5":{"start":{"line":7,"column":16},"end":{"line":9,"column":3}},"6":{"start":{"line":11,"column":20},"end":{"line":24,"column":4}},"7":{"start":{"line":25,"column":16},"end":{"line":39,"column":3}},"8":{"start":{"line":26,"column":20},"end":{"line":26,"column":31}},"9":{"start":{"line":27,"column":4},"end":{"line":38,"column":5}},"10":{"start":{"line":28,"column":6},"end":{"line":28,"column":62}},"11":{"start":{"line":30,"column":6},"end":{"line":37,"column":8}},"12":{"start":{"line":40,"column":2},"end":{"line":69,"column":4}},"13":{"start":{"line":72,"column":0},"end":{"line":72,"column":36}}},"fnMap":{"0":{"name":"(anonymous_0)","decl":{"start":{"line":6,"column":27},"end":{"line":6,"column":28}},"loc":{"start":{"line":6,"column":59},"end":{"line":70,"column":1}},"line":6},"1":{"name":"(anonymous_1)","decl":{"start":{"line":25,"column":16},"end":{"line":25,"column":17}},"loc":{"start":{"line":25,"column":25},"end":{"line":39,"column":3}},"line":25}},"branchMap":{"0":{"loc":{"start":{"line":27,"column":4},"end":{"line":38,"column":5}},"type":"if","locations":[{"start":{"line":27,"column":4},"end":{"line":38,"column":5}},{"start":{"line":27,"column":4},"end":{"line":38,"column":5}}],"line":27},"1":{"loc":{"start":{"line":27,"column":8},"end":{"line":27,"column":66}},"type":"binary-expr","locations":[{"start":{"line":27,"column":8},"end":{"line":27,"column":38}},{"start":{"line":27,"column":42},"end":{"line":27,"column":66}}],"line":27},"2":{"loc":{"start":{"line":44,"column":11},"end":{"line":46,"column":18}},"type":"cond-expr","locations":[{"start":{"line":45,"column":12},"end":{"line":45,"column":69}},{"start":{"line":46,"column":14},"end":{"line":46,"column":18}}],"line":44},"3":{"loc":{"start":{"line":55,"column":13},"end":{"line":59,"column":13}},"type":"cond-expr","locations":[{"start":{"line":56,"column":14},"end":{"line":56,"column":28}},{"start":{"line":58,"column":14},"end":{"line":58,"column":33}}],"line":55},"4":{"loc":{"start":{"line":64,"column":9},"end":{"line":66,"column":25}},"type":"cond-expr","locations":[{"start":{"line":65,"column":12},"end":{"line":65,"column":50}},{"start":{"line":66,"column":12},"end":{"line":66,"column":25}}],"line":64}},"s":{"0":1,"1":1,"2":1,"3":1,"4":1,"5":0,"6":0,"7":0,"8":0,"9":0,"10":0,"11":0,"12":0,"13":1},"f":{"0":0,"1":0},"b":{"0":[0,0],"1":[0,0],"2":[0,0],"3":[0,0],"4":[0,0]},"_coverageSchema":"43e27e138ebf9cfc5966b082cf9a028302ed4184","hash":"b42da6734985e4e23d50b86f786fbf3c4bfa7ff8"}
,"/Users/kate/demo2/client/src/components/Overview/QuantitySizeSelect.jsx": {"path":"/Users/kate/demo2/client/src/components/Overview/QuantitySizeSelect.jsx","statementMap":{"0":{"start":{"line":1,"column":14},"end":{"line":1,"column":30}},"1":{"start":{"line":2,"column":23},"end":{"line":2,"column":58}},"2":{"start":{"line":3,"column":32},"end":{"line":3,"column":48}},"3":{"start":{"line":9,"column":4},"end":{"line":9,"column":32}},"4":{"start":{"line":11,"column":18},"end":{"line":23,"column":3}},"5":{"start":{"line":11,"column":39},"end":{"line":23,"column":1}},"6":{"start":{"line":25,"column":27},"end":{"line":140,"column":1}},"7":{"start":{"line":31,"column":28},"end":{"line":34,"column":4}},"8":{"start":{"line":36,"column":2},"end":{"line":39,"column":9}},"9":{"start":{"line":37,"column":4},"end":{"line":37,"column":50}},"10":{"start":{"line":38,"column":4},"end":{"line":38,"column":32}},"11":{"start":{"line":41,"column":2},"end":{"line":43,"column":23}},"12":{"start":{"line":42,"column":4},"end":{"line":42,"column":50}},"13":{"start":{"line":45,"column":2},"end":{"line":47,"column":19}},"14":{"start":{"line":46,"column":4},"end":{"line":46,"column":37}},"15":{"start":{"line":49,"column":2},"end":{"line":53,"column":15}},"16":{"start":{"line":50,"column":4},"end":{"line":52,"column":5}},"17":{"start":{"line":51,"column":6},"end":{"line":51,"column":27}},"18":{"start":{"line":55,"column":18},"end":{"line":57,"column":3}},"19":{"start":{"line":56,"column":4},"end":{"line":56,"column":39}},"20":{"start":{"line":59,"column":23},"end":{"line":64,"column":3}},"21":{"start":{"line":59,"column":31},"end":{"line":64,"column":3}},"22":{"start":{"line":60,"column":4},"end":{"line":63,"column":7}},"23":{"start":{"line":66,"column":26},"end":{"line":83,"column":3}},"24":{"start":{"line":67,"column":24},"end":{"line":67,"column":26}},"25":{"start":{"line":68,"column":4},"end":{"line":70,"column":5}},"26":{"start":{"line":69,"column":6},"end":{"line":69,"column":27}},"27":{"start":{"line":72,"column":4},"end":{"line":80,"column":5}},"28":{"start":{"line":73,"column":6},"end":{"line":75,"column":7}},"29":{"start":{"line":73,"column":19},"end":{"line":73,"column":20}},"30":{"start":{"line":74,"column":8},"end":{"line":74,"column":30}},"31":{"start":{"line":77,"column":6},"end":{"line":79,"column":7}},"32":{"start":{"line":77,"column":19},"end":{"line":77,"column":20}},"33":{"start":{"line":78,"column":8},"end":{"line":78,"column":30}},"34":{"start":{"line":82,"column":4},"end":{"line":82,"column":25}},"35":{"start":{"line":85,"column":31},"end":{"line":93,"column":3}},"36":{"start":{"line":86,"column":4},"end":{"line":92,"column":5}},"37":{"start":{"line":87,"column":6},"end":{"line":91,"column":7}},"38":{"start":{"line":88,"column":8},"end":{"line":88,"column":34}},"39":{"start":{"line":90,"column":8},"end":{"line":90,"column":34}},"40":{"start":{"line":95,"column":18},"end":{"line":95,"column":29}},"41":{"start":{"line":96,"column":21},"end":{"line":96,"column":39}},"42":{"start":{"line":97,"column":38},"end":{"line":97,"column":55}},"43":{"start":{"line":98,"column":2},"end":{"line":139,"column":4}},"44":{"start":{"line":109,"column":16},"end":{"line":113,"column":18}},"45":{"start":{"line":129,"column":16},"end":{"line":133,"column":18}},"46":{"start":{"line":142,"column":0},"end":{"line":142,"column":36}}},"fnMap":{"0":{"name":"(anonymous_0)","decl":{"start":{"line":11,"column":29},"end":{"line":11,"column":30}},"loc":{"start":{"line":11,"column":39},"end":{"line":23,"column":1}},"line":11},"1":{"name":"(anonymous_1)","decl":{"start":{"line":25,"column":27},"end":{"line":25,"column":28}},"loc":{"start":{"line":30,"column":6},"end":{"line":140,"column":1}},"line":30},"2":{"name":"(anonymous_2)","decl":{"start":{"line":36,"column":12},"end":{"line":36,"column":13}},"loc":{"start":{"line":36,"column":18},"end":{"line":39,"column":3}},"line":36},"3":{"name":"(anonymous_3)","decl":{"start":{"line":41,"column":12},"end":{"line":41,"column":13}},"loc":{"start":{"line":41,"column":18},"end":{"line":43,"column":3}},"line":41},"4":{"name":"(anonymous_4)","decl":{"start":{"line":45,"column":12},"end":{"line":45,"column":13}},"loc":{"start":{"line":45,"column":18},"end":{"line":47,"column":3}},"line":45},"5":{"name":"(anonymous_5)","decl":{"start":{"line":49,"column":12},"end":{"line":49,"column":13}},"loc":{"start":{"line":49,"column":18},"end":{"line":53,"column":3}},"line":49},"6":{"name":"(anonymous_6)","decl":{"start":{"line":55,"column":18},"end":{"line":55,"column":19}},"loc":{"start":{"line":55,"column":26},"end":{"line":57,"column":3}},"line":55},"7":{"name":"(anonymous_7)","decl":{"start":{"line":59,"column":23},"end":{"line":59,"column":24}},"loc":{"start":{"line":59,"column":31},"end":{"line":64,"column":3}},"line":59},"8":{"name":"(anonymous_8)","decl":{"start":{"line":59,"column":31},"end":{"line":59,"column":32}},"loc":{"start":{"line":59,"column":40},"end":{"line":64,"column":3}},"line":59},"9":{"name":"(anonymous_9)","decl":{"start":{"line":66,"column":26},"end":{"line":66,"column":27}},"loc":{"start":{"line":66,"column":36},"end":{"line":83,"column":3}},"line":66},"10":{"name":"(anonymous_10)","decl":{"start":{"line":85,"column":31},"end":{"line":85,"column":32}},"loc":{"start":{"line":85,"column":39},"end":{"line":93,"column":3}},"line":85},"11":{"name":"(anonymous_11)","decl":{"start":{"line":108,"column":42},"end":{"line":108,"column":43}},"loc":{"start":{"line":108,"column":55},"end":{"line":114,"column":15}},"line":108},"12":{"name":"(anonymous_12)","decl":{"start":{"line":128,"column":58},"end":{"line":128,"column":59}},"loc":{"start":{"line":128,"column":73},"end":{"line":134,"column":15}},"line":128}},"branchMap":{"0":{"loc":{"start":{"line":50,"column":4},"end":{"line":52,"column":5}},"type":"if","locations":[{"start":{"line":50,"column":4},"end":{"line":52,"column":5}},{"start":{"line":50,"column":4},"end":{"line":52,"column":5}}],"line":50},"1":{"loc":{"start":{"line":68,"column":4},"end":{"line":70,"column":5}},"type":"if","locations":[{"start":{"line":68,"column":4},"end":{"line":70,"column":5}},{"start":{"line":68,"column":4},"end":{"line":70,"column":5}}],"line":68},"2":{"loc":{"start":{"line":72,"column":4},"end":{"line":80,"column":5}},"type":"if","locations":[{"start":{"line":72,"column":4},"end":{"line":80,"column":5}},{"start":{"line":72,"column":4},"end":{"line":80,"column":5}}],"line":72},"3":{"loc":{"start":{"line":86,"column":4},"end":{"line":92,"column":5}},"type":"if","locations":[{"start":{"line":86,"column":4},"end":{"line":92,"column":5}},{"start":{"line":86,"column":4},"end":{"line":92,"column":5}}],"line":86},"4":{"loc":{"start":{"line":87,"column":6},"end":{"line":91,"column":7}},"type":"if","locations":[{"start":{"line":87,"column":6},"end":{"line":91,"column":7}},{"start":{"line":87,"column":6},"end":{"line":91,"column":7}}],"line":87},"5":{"loc":{"start":{"line":87,"column":10},"end":{"line":87,"column":51}},"type":"binary-expr","locations":[{"start":{"line":87,"column":10},"end":{"line":87,"column":32}},{"start":{"line":87,"column":36},"end":{"line":87,"column":51}}],"line":87},"6":{"loc":{"start":{"line":107,"column":11},"end":{"line":115,"column":18}},"type":"cond-expr","locations":[{"start":{"line":108,"column":14},"end":{"line":114,"column":16}},{"start":{"line":115,"column":14},"end":{"line":115,"column":18}}],"line":107},"7":{"loc":{"start":{"line":127,"column":11},"end":{"line":135,"column":18}},"type":"cond-expr","locations":[{"start":{"line":128,"column":14},"end":{"line":134,"column":16}},{"start":{"line":135,"column":14},"end":{"line":135,"column":18}}],"line":127}},"s":{"0":1,"1":1,"2":1,"3":1,"4":1,"5":0,"6":1,"7":0,"8":0,"9":0,"10":0,"11":0,"12":0,"13":0,"14":0,"15":0,"16":0,"17":0,"18":0,"19":0,"20":0,"21":0,"22":0,"23":0,"24":0,"25":0,"26":0,"27":0,"28":0,"29":0,"30":0,"31":0,"32":0,"33":0,"34":0,"35":0,"36":0,"37":0,"38":0,"39":0,"40":0,"41":0,"42":0,"43":0,"44":0,"45":0,"46":1},"f":{"0":0,"1":0,"2":0,"3":0,"4":0,"5":0,"6":0,"7":0,"8":0,"9":0,"10":0,"11":0,"12":0},"b":{"0":[0,0],"1":[0,0],"2":[0,0],"3":[0,0],"4":[0,0],"5":[0,0],"6":[0,0],"7":[0,0]},"_coverageSchema":"43e27e138ebf9cfc5966b082cf9a028302ed4184","hash":"df3461e3b2f7609420292d227c4709e9edf00bf1"}
,"/Users/kate/demo2/client/src/components/Overview/ShowCart.jsx": {"path":"/Users/kate/demo2/client/src/components/Overview/ShowCart.jsx","statementMap":{"0":{"start":{"line":1,"column":14},"end":{"line":1,"column":30}},"1":{"start":{"line":2,"column":21},"end":{"line":2,"column":37}},"2":{"start":{"line":3,"column":23},"end":{"line":3,"column":58}},"3":{"start":{"line":4,"column":48},"end":{"line":4,"column":76}},"4":{"start":{"line":6,"column":18},"end":{"line":38,"column":3}},"5":{"start":{"line":6,"column":39},"end":{"line":38,"column":1}},"6":{"start":{"line":40,"column":0},"end":{"line":125,"column":2}},"7":{"start":{"line":41,"column":18},"end":{"line":41,"column":29}},"8":{"start":{"line":42,"column":26},"end":{"line":42,"column":41}},"9":{"start":{"line":44,"column":21},"end":{"line":46,"column":3}},"10":{"start":{"line":45,"column":4},"end":{"line":45,"column":18}},"11":{"start":{"line":48,"column":22},"end":{"line":50,"column":3}},"12":{"start":{"line":49,"column":4},"end":{"line":49,"column":19}},"13":{"start":{"line":52,"column":2},"end":{"line":124,"column":4}},"14":{"start":{"line":78,"column":20},"end":{"line":94,"column":22}},"15":{"start":{"line":100,"column":18},"end":{"line":108,"column":20}},"16":{"start":{"line":127,"column":0},"end":{"line":127,"column":26}}},"fnMap":{"0":{"name":"(anonymous_0)","decl":{"start":{"line":6,"column":29},"end":{"line":6,"column":30}},"loc":{"start":{"line":6,"column":39},"end":{"line":38,"column":1}},"line":6},"1":{"name":"(anonymous_1)","decl":{"start":{"line":40,"column":11},"end":{"line":40,"column":12}},"loc":{"start":{"line":40,"column":47},"end":{"line":125,"column":1}},"line":40},"2":{"name":"(anonymous_2)","decl":{"start":{"line":44,"column":21},"end":{"line":44,"column":22}},"loc":{"start":{"line":44,"column":27},"end":{"line":46,"column":3}},"line":44},"3":{"name":"(anonymous_3)","decl":{"start":{"line":48,"column":22},"end":{"line":48,"column":23}},"loc":{"start":{"line":48,"column":28},"end":{"line":50,"column":3}},"line":48},"4":{"name":"(anonymous_4)","decl":{"start":{"line":77,"column":37},"end":{"line":77,"column":38}},"loc":{"start":{"line":77,"column":51},"end":{"line":95,"column":19}},"line":77},"5":{"name":"(anonymous_5)","decl":{"start":{"line":99,"column":33},"end":{"line":99,"column":34}},"loc":{"start":{"line":99,"column":46},"end":{"line":109,"column":17}},"line":99}},"branchMap":{"0":{"loc":{"start":{"line":80,"column":25},"end":{"line":92,"column":25}},"type":"cond-expr","locations":[{"start":{"line":81,"column":26},"end":{"line":85,"column":28}},{"start":{"line":87,"column":26},"end":{"line":91,"column":28}}],"line":80},"1":{"loc":{"start":{"line":114,"column":15},"end":{"line":118,"column":15}},"type":"cond-expr","locations":[{"start":{"line":115,"column":16},"end":{"line":115,"column":41}},{"start":{"line":117,"column":16},"end":{"line":117,"column":43}}],"line":114}},"s":{"0":1,"1":1,"2":1,"3":1,"4":1,"5":0,"6":1,"7":0,"8":0,"9":0,"10":0,"11":0,"12":0,"13":0,"14":0,"15":0,"16":1},"f":{"0":0,"1":0,"2":0,"3":0,"4":0,"5":0},"b":{"0":[0,0],"1":[0,0]},"_coverageSchema":"43e27e138ebf9cfc5966b082cf9a028302ed4184","hash":"6c504c5d2b105ae2e4a3459b6e5de7122099deff"}
,"/Users/kate/demo2/client/src/components/Overview/StyleSelector.jsx": {"path":"/Users/kate/demo2/client/src/components/Overview/StyleSelector.jsx","statementMap":{"0":{"start":{"line":1,"column":14},"end":{"line":1,"column":30}},"1":{"start":{"line":2,"column":17},"end":{"line":2,"column":45}},"2":{"start":{"line":4,"column":22},"end":{"line":63,"column":1}},"3":{"start":{"line":11,"column":22},"end":{"line":14,"column":3}},"4":{"start":{"line":12,"column":4},"end":{"line":12,"column":23}},"5":{"start":{"line":13,"column":4},"end":{"line":13,"column":20}},"6":{"start":{"line":16,"column":2},"end":{"line":62,"column":4}},"7":{"start":{"line":32,"column":10},"end":{"line":58,"column":12}},"8":{"start":{"line":36,"column":33},"end":{"line":36,"column":47}},"9":{"start":{"line":47,"column":33},"end":{"line":47,"column":47}},"10":{"start":{"line":65,"column":0},"end":{"line":65,"column":31}}},"fnMap":{"0":{"name":"(anonymous_0)","decl":{"start":{"line":4,"column":22},"end":{"line":4,"column":23}},"loc":{"start":{"line":10,"column":6},"end":{"line":63,"column":1}},"line":10},"1":{"name":"(anonymous_1)","decl":{"start":{"line":11,"column":22},"end":{"line":11,"column":23}},"loc":{"start":{"line":11,"column":31},"end":{"line":14,"column":3}},"line":11},"2":{"name":"(anonymous_2)","decl":{"start":{"line":31,"column":42},"end":{"line":31,"column":43}},"loc":{"start":{"line":31,"column":56},"end":{"line":59,"column":9}},"line":31},"3":{"name":"(anonymous_3)","decl":{"start":{"line":36,"column":27},"end":{"line":36,"column":28}},"loc":{"start":{"line":36,"column":33},"end":{"line":36,"column":47}},"line":36},"4":{"name":"(anonymous_4)","decl":{"start":{"line":47,"column":27},"end":{"line":47,"column":28}},"loc":{"start":{"line":47,"column":33},"end":{"line":47,"column":47}},"line":47}},"branchMap":{"0":{"loc":{"start":{"line":18,"column":7},"end":{"line":28,"column":14}},"type":"cond-expr","locations":[{"start":{"line":19,"column":8},"end":{"line":27,"column":9}},{"start":{"line":28,"column":10},"end":{"line":28,"column":14}}],"line":18},"1":{"loc":{"start":{"line":19,"column":8},"end":{"line":27,"column":9}},"type":"cond-expr","locations":[{"start":{"line":20,"column":10},"end":{"line":22,"column":16}},{"start":{"line":24,"column":10},"end":{"line":26,"column":16}}],"line":19},"2":{"loc":{"start":{"line":34,"column":15},"end":{"line":56,"column":15}},"type":"cond-expr","locations":[{"start":{"line":35,"column":16},"end":{"line":44,"column":26}},{"start":{"line":46,"column":16},"end":{"line":55,"column":26}}],"line":34}},"s":{"0":1,"1":1,"2":1,"3":0,"4":0,"5":0,"6":0,"7":0,"8":0,"9":0,"10":1},"f":{"0":0,"1":0,"2":0,"3":0,"4":0},"b":{"0":[0,0],"1":[0,0],"2":[0,0]},"_coverageSchema":"43e27e138ebf9cfc5966b082cf9a028302ed4184","hash":"8969e7aeba94f6a28cb6a1350298dac6e5d5b906"}
,"/Users/kate/demo2/client/src/components/Overview/ViewButton.jsx": {"path":"/Users/kate/demo2/client/src/components/Overview/ViewButton.jsx","statementMap":{"0":{"start":{"line":1,"column":14},"end":{"line":1,"column":30}},"1":{"start":{"line":2,"column":22},"end":{"line":2,"column":51}},"2":{"start":{"line":3,"column":23},"end":{"line":3,"column":51}},"3":{"start":{"line":5,"column":19},"end":{"line":11,"column":1}},"4":{"start":{"line":6,"column":2},"end":{"line":10,"column":4}},"5":{"start":{"line":13,"column":0},"end":{"line":13,"column":28}}},"fnMap":{"0":{"name":"(anonymous_0)","decl":{"start":{"line":5,"column":19},"end":{"line":5,"column":20}},"loc":{"start":{"line":5,"column":39},"end":{"line":11,"column":1}},"line":5}},"branchMap":{},"s":{"0":1,"1":1,"2":1,"3":1,"4":0,"5":1},"f":{"0":0},"b":{},"_coverageSchema":"43e27e138ebf9cfc5966b082cf9a028302ed4184","hash":"753d13bf6079ac2835a793e6b6a5603cf2fc98a5"}
,"/Users/kate/demo2/client/src/components/Overview/index.jsx": {"path":"/Users/kate/demo2/client/src/components/Overview/index.jsx","statementMap":{"0":{"start":{"line":1,"column":14},"end":{"line":1,"column":30}},"1":{"start":{"line":2,"column":22},"end":{"line":2,"column":38}},"2":{"start":{"line":3,"column":12},"end":{"line":3,"column":32}},"3":{"start":{"line":5,"column":0},"end":{"line":16,"column":2}},"4":{"start":{"line":6,"column":2},"end":{"line":10,"column":32}},"5":{"start":{"line":7,"column":17},"end":{"line":7,"column":37}},"6":{"start":{"line":8,"column":4},"end":{"line":8,"column":34}},"7":{"start":{"line":9,"column":4},"end":{"line":9,"column":32}},"8":{"start":{"line":11,"column":2},"end":{"line":15,"column":4}}},"fnMap":{"0":{"name":"(anonymous_0)","decl":{"start":{"line":5,"column":17},"end":{"line":5,"column":18}},"loc":{"start":{"line":5,"column":26},"end":{"line":16,"column":1}},"line":5},"1":{"name":"(anonymous_1)","decl":{"start":{"line":6,"column":12},"end":{"line":6,"column":13}},"loc":{"start":{"line":6,"column":18},"end":{"line":10,"column":3}},"line":6}},"branchMap":{},"s":{"0":1,"1":1,"2":1,"3":1,"4":0,"5":0,"6":0,"7":0,"8":0},"f":{"0":0,"1":0},"b":{},"_coverageSchema":"43e27e138ebf9cfc5966b082cf9a028302ed4184","hash":"add9286cc281b9181ec260dea54dbb90b41d0fed"}
,"/Users/kate/demo2/client/src/components/Qna/index.jsx": {"path":"/Users/kate/demo2/client/src/components/Qna/index.jsx","statementMap":{"0":{"start":{"line":2,"column":14},"end":{"line":2,"column":30}},"1":{"start":{"line":3,"column":32},"end":{"line":3,"column":48}},"2":{"start":{"line":4,"column":40},"end":{"line":4,"column":68}},"3":{"start":{"line":7,"column":24},"end":{"line":7,"column":52}},"4":{"start":{"line":8,"column":16},"end":{"line":8,"column":36}},"5":{"start":{"line":9,"column":20},"end":{"line":9,"column":46}},"6":{"start":{"line":10,"column":17},"end":{"line":10,"column":52}},"7":{"start":{"line":11,"column":21},"end":{"line":11,"column":64}},"8":{"start":{"line":12,"column":14},"end":{"line":12,"column":53}},"9":{"start":{"line":15,"column":27},"end":{"line":17,"column":1}},"10":{"start":{"line":16,"column":2},"end":{"line":16,"column":42}},"11":{"start":{"line":19,"column":0},"end":{"line":76,"column":2}},"12":{"start":{"line":20,"column":29},"end":{"line":20,"column":77}},"13":{"start":{"line":21,"column":28},"end":{"line":21,"column":39}},"14":{"start":{"line":22,"column":38},"end":{"line":22,"column":50}},"15":{"start":{"line":24,"column":2},"end":{"line":28,"column":32}},"16":{"start":{"line":25,"column":4},"end":{"line":27,"column":42}},"17":{"start":{"line":26,"column":26},"end":{"line":26,"column":39}},"18":{"start":{"line":27,"column":22},"end":{"line":27,"column":40}},"19":{"start":{"line":30,"column":2},"end":{"line":75,"column":4}},"20":{"start":{"line":38,"column":29},"end":{"line":38,"column":62}},"21":{"start":{"line":47,"column":35},"end":{"line":47,"column":73}},"22":{"start":{"line":59,"column":16},"end":{"line":59,"column":36}}},"fnMap":{"0":{"name":"(anonymous_0)","decl":{"start":{"line":15,"column":27},"end":{"line":15,"column":28}},"loc":{"start":{"line":15,"column":39},"end":{"line":17,"column":1}},"line":15},"1":{"name":"(anonymous_1)","decl":{"start":{"line":19,"column":17},"end":{"line":19,"column":18}},"loc":{"start":{"line":19,"column":26},"end":{"line":76,"column":1}},"line":19},"2":{"name":"(anonymous_2)","decl":{"start":{"line":24,"column":12},"end":{"line":24,"column":13}},"loc":{"start":{"line":24,"column":18},"end":{"line":28,"column":3}},"line":24},"3":{"name":"(anonymous_3)","decl":{"start":{"line":26,"column":12},"end":{"line":26,"column":13}},"loc":{"start":{"line":26,"column":26},"end":{"line":26,"column":39}},"line":26},"4":{"name":"(anonymous_4)","decl":{"start":{"line":27,"column":13},"end":{"line":27,"column":14}},"loc":{"start":{"line":27,"column":22},"end":{"line":27,"column":40}},"line":27},"5":{"name":"(anonymous_5)","decl":{"start":{"line":38,"column":20},"end":{"line":38,"column":21}},"loc":{"start":{"line":38,"column":29},"end":{"line":38,"column":62}},"line":38},"6":{"name":"(anonymous_6)","decl":{"start":{"line":47,"column":28},"end":{"line":47,"column":29}},"loc":{"start":{"line":47,"column":35},"end":{"line":47,"column":73}},"line":47},"7":{"name":"(anonymous_7)","decl":{"start":{"line":58,"column":23},"end":{"line":58,"column":24}},"loc":{"start":{"line":58,"column":29},"end":{"line":60,"column":15}},"line":58}},"branchMap":{"0":{"loc":{"start":{"line":44,"column":14},"end":{"line":50,"column":36}},"type":"cond-expr","locations":[{"start":{"line":45,"column":18},"end":{"line":47,"column":74}},{"start":{"line":48,"column":18},"end":{"line":50,"column":36}}],"line":44}},"s":{"0":1,"1":1,"2":1,"3":1,"4":1,"5":1,"6":1,"7":1,"8":1,"9":1,"10":0,"11":1,"12":0,"13":0,"14":0,"15":0,"16":0,"17":0,"18":0,"19":0,"20":0,"21":0,"22":0},"f":{"0":0,"1":0,"2":0,"3":0,"4":0,"5":0,"6":0,"7":0},"b":{"0":[0,0]},"_coverageSchema":"43e27e138ebf9cfc5966b082cf9a028302ed4184","hash":"91ab5da60ec8f1e52d75394f61b2840a0c1b3128"}
,"/Users/kate/demo2/client/src/components/Qna/searchqnabutton.jsx": {"path":"/Users/kate/demo2/client/src/components/Qna/searchqnabutton.jsx","statementMap":{"0":{"start":{"line":1,"column":14},"end":{"line":1,"column":30}},"1":{"start":{"line":2,"column":21},"end":{"line":2,"column":37}},"2":{"start":{"line":3,"column":23},"end":{"line":3,"column":51}},"3":{"start":{"line":4,"column":22},"end":{"line":4,"column":50}},"4":{"start":{"line":5,"column":19},"end":{"line":5,"column":48}},"5":{"start":{"line":7,"column":18},"end":{"line":42,"column":3}},"6":{"start":{"line":7,"column":39},"end":{"line":42,"column":1}},"7":{"start":{"line":44,"column":0},"end":{"line":68,"column":2}},"8":{"start":{"line":45,"column":18},"end":{"line":45,"column":29}},"9":{"start":{"line":46,"column":38},"end":{"line":46,"column":50}},"10":{"start":{"line":51,"column":2},"end":{"line":67,"column":4}}},"fnMap":{"0":{"name":"(anonymous_0)","decl":{"start":{"line":7,"column":29},"end":{"line":7,"column":30}},"loc":{"start":{"line":7,"column":39},"end":{"line":42,"column":1}},"line":7},"1":{"name":"(anonymous_1)","decl":{"start":{"line":44,"column":17},"end":{"line":44,"column":18}},"loc":{"start":{"line":44,"column":42},"end":{"line":68,"column":1}},"line":44}},"branchMap":{},"s":{"0":1,"1":1,"2":1,"3":1,"4":1,"5":1,"6":0,"7":1,"8":0,"9":0,"10":0},"f":{"0":0,"1":0},"b":{},"_coverageSchema":"43e27e138ebf9cfc5966b082cf9a028302ed4184","hash":"0561944817c98bf5b2df440850a367304c491991"}
,"/Users/kate/demo2/client/src/components/Qna/singlea.jsx": {"path":"/Users/kate/demo2/client/src/components/Qna/singlea.jsx","statementMap":{"0":{"start":{"line":1,"column":14},"end":{"line":1,"column":30}},"1":{"start":{"line":2,"column":32},"end":{"line":2,"column":48}},"2":{"start":{"line":3,"column":23},"end":{"line":3,"column":51}},"3":{"start":{"line":4,"column":29},"end":{"line":4,"column":57}},"4":{"start":{"line":5,"column":14},"end":{"line":5,"column":53}},"5":{"start":{"line":6,"column":17},"end":{"line":6,"column":52}},"6":{"start":{"line":7,"column":22},"end":{"line":7,"column":48}},"7":{"start":{"line":8,"column":21},"end":{"line":8,"column":64}},"8":{"start":{"line":10,"column":18},"end":{"line":14,"column":3}},"9":{"start":{"line":10,"column":39},"end":{"line":14,"column":1}},"10":{"start":{"line":16,"column":25},"end":{"line":18,"column":1}},"11":{"start":{"line":17,"column":2},"end":{"line":17,"column":45}},"12":{"start":{"line":20,"column":0},"end":{"line":58,"column":2}},"13":{"start":{"line":21,"column":18},"end":{"line":21,"column":29}},"14":{"start":{"line":23,"column":30},"end":{"line":23,"column":55}},"15":{"start":{"line":24,"column":40},"end":{"line":24,"column":51}},"16":{"start":{"line":26,"column":2},"end":{"line":28,"column":10}},"17":{"start":{"line":27,"column":4},"end":{"line":27,"column":67}},"18":{"start":{"line":27,"column":52},"end":{"line":27,"column":65}},"19":{"start":{"line":30,"column":2},"end":{"line":57,"column":4}},"20":{"start":{"line":36,"column":10},"end":{"line":46,"column":12}},"21":{"start":{"line":52,"column":10},"end":{"line":52,"column":42}}},"fnMap":{"0":{"name":"(anonymous_0)","decl":{"start":{"line":10,"column":29},"end":{"line":10,"column":30}},"loc":{"start":{"line":10,"column":39},"end":{"line":14,"column":1}},"line":10},"1":{"name":"(anonymous_1)","decl":{"start":{"line":16,"column":25},"end":{"line":16,"column":26}},"loc":{"start":{"line":16,"column":32},"end":{"line":18,"column":1}},"line":16},"2":{"name":"(anonymous_2)","decl":{"start":{"line":20,"column":17},"end":{"line":20,"column":18}},"loc":{"start":{"line":20,"column":37},"end":{"line":58,"column":1}},"line":20},"3":{"name":"(anonymous_3)","decl":{"start":{"line":26,"column":12},"end":{"line":26,"column":13}},"loc":{"start":{"line":26,"column":18},"end":{"line":28,"column":3}},"line":26},"4":{"name":"(anonymous_4)","decl":{"start":{"line":27,"column":38},"end":{"line":27,"column":39}},"loc":{"start":{"line":27,"column":52},"end":{"line":27,"column":65}},"line":27},"5":{"name":"(anonymous_5)","decl":{"start":{"line":35,"column":13},"end":{"line":35,"column":14}},"loc":{"start":{"line":35,"column":18},"end":{"line":47,"column":9}},"line":35},"6":{"name":"(anonymous_6)","decl":{"start":{"line":51,"column":17},"end":{"line":51,"column":18}},"loc":{"start":{"line":51,"column":23},"end":{"line":53,"column":9}},"line":51}},"branchMap":{},"s":{"0":1,"1":1,"2":1,"3":1,"4":1,"5":1,"6":1,"7":1,"8":1,"9":0,"10":1,"11":0,"12":1,"13":0,"14":0,"15":0,"16":0,"17":0,"18":0,"19":0,"20":0,"21":0},"f":{"0":0,"1":0,"2":0,"3":0,"4":0,"5":0,"6":0},"b":{},"_coverageSchema":"43e27e138ebf9cfc5966b082cf9a028302ed4184","hash":"2f93ac22dcb4dabe69edb02d190136a69924a23d"}
,"/Users/kate/demo2/client/src/components/Qna/singleabottom.jsx": {"path":"/Users/kate/demo2/client/src/components/Qna/singleabottom.jsx","statementMap":{"0":{"start":{"line":1,"column":14},"end":{"line":1,"column":30}},"1":{"start":{"line":2,"column":35},"end":{"line":2,"column":63}},"2":{"start":{"line":3,"column":23},"end":{"line":3,"column":51}},"3":{"start":{"line":4,"column":15},"end":{"line":4,"column":46}},"4":{"start":{"line":5,"column":20},"end":{"line":5,"column":52}},"5":{"start":{"line":6,"column":15},"end":{"line":6,"column":42}},"6":{"start":{"line":7,"column":18},"end":{"line":12,"column":3}},"7":{"start":{"line":7,"column":39},"end":{"line":12,"column":1}},"8":{"start":{"line":14,"column":0},"end":{"line":43,"column":2}},"9":{"start":{"line":15,"column":18},"end":{"line":15,"column":29}},"10":{"start":{"line":17,"column":2},"end":{"line":42,"column":4}}},"fnMap":{"0":{"name":"(anonymous_0)","decl":{"start":{"line":7,"column":29},"end":{"line":7,"column":30}},"loc":{"start":{"line":7,"column":39},"end":{"line":12,"column":1}},"line":7},"1":{"name":"(anonymous_1)","decl":{"start":{"line":14,"column":17},"end":{"line":14,"column":18}},"loc":{"start":{"line":14,"column":69},"end":{"line":43,"column":1}},"line":14}},"branchMap":{},"s":{"0":1,"1":1,"2":1,"3":1,"4":1,"5":1,"6":1,"7":0,"8":1,"9":0,"10":0},"f":{"0":0,"1":0},"b":{},"_coverageSchema":"43e27e138ebf9cfc5966b082cf9a028302ed4184","hash":"3fdad299c03dfd92694b5afd0e598539231f1b6c"}
,"/Users/kate/demo2/client/src/components/Qna/singleq.jsx": {"path":"/Users/kate/demo2/client/src/components/Qna/singleq.jsx","statementMap":{"0":{"start":{"line":1,"column":14},"end":{"line":1,"column":30}},"1":{"start":{"line":2,"column":21},"end":{"line":2,"column":37}},"2":{"start":{"line":3,"column":23},"end":{"line":3,"column":51}},"3":{"start":{"line":4,"column":35},"end":{"line":4,"column":63}},"4":{"start":{"line":5,"column":16},"end":{"line":5,"column":40}},"5":{"start":{"line":6,"column":20},"end":{"line":6,"column":52}},"6":{"start":{"line":7,"column":18},"end":{"line":7,"column":44}},"7":{"start":{"line":10,"column":18},"end":{"line":19,"column":3}},"8":{"start":{"line":10,"column":39},"end":{"line":19,"column":1}},"9":{"start":{"line":22,"column":0},"end":{"line":63,"column":2}},"10":{"start":{"line":23,"column":18},"end":{"line":23,"column":29}},"11":{"start":{"line":24,"column":2},"end":{"line":62,"column":4}},"12":{"start":{"line":27,"column":8},"end":{"line":59,"column":10}}},"fnMap":{"0":{"name":"(anonymous_0)","decl":{"start":{"line":10,"column":29},"end":{"line":10,"column":30}},"loc":{"start":{"line":10,"column":39},"end":{"line":19,"column":1}},"line":10},"1":{"name":"(anonymous_1)","decl":{"start":{"line":22,"column":17},"end":{"line":22,"column":18}},"loc":{"start":{"line":22,"column":36},"end":{"line":63,"column":1}},"line":22},"2":{"name":"(anonymous_2)","decl":{"start":{"line":26,"column":21},"end":{"line":26,"column":22}},"loc":{"start":{"line":26,"column":26},"end":{"line":60,"column":7}},"line":26}},"branchMap":{},"s":{"0":1,"1":1,"2":1,"3":1,"4":1,"5":1,"6":1,"7":1,"8":0,"9":1,"10":0,"11":0,"12":0},"f":{"0":0,"1":0,"2":0},"b":{},"_coverageSchema":"43e27e138ebf9cfc5966b082cf9a028302ed4184","hash":"3af23698850c84362f4d623ec2cd96d1d64999f5"}
,"/Users/kate/demo2/client/src/components/Related/AddToOutfitCard.jsx": {"path":"/Users/kate/demo2/client/src/components/Related/AddToOutfitCard.jsx","statementMap":{"0":{"start":{"line":1,"column":14},"end":{"line":1,"column":30}},"1":{"start":{"line":2,"column":17},"end":{"line":2,"column":45}},"2":{"start":{"line":3,"column":24},"end":{"line":3,"column":52}},"3":{"start":{"line":4,"column":23},"end":{"line":4,"column":51}},"4":{"start":{"line":5,"column":23},"end":{"line":5,"column":58}},"5":{"start":{"line":6,"column":17},"end":{"line":6,"column":45}},"6":{"start":{"line":8,"column":18},"end":{"line":30,"column":2}},"7":{"start":{"line":32,"column":0},"end":{"line":52,"column":2}},"8":{"start":{"line":33,"column":18},"end":{"line":33,"column":29}},"9":{"start":{"line":34,"column":2},"end":{"line":51,"column":4}},"10":{"start":{"line":43,"column":14},"end":{"line":43,"column":47}}},"fnMap":{"0":{"name":"AddToOutfitCard","decl":{"start":{"line":32,"column":26},"end":{"line":32,"column":41}},"loc":{"start":{"line":32,"column":49},"end":{"line":52,"column":1}},"line":32},"1":{"name":"(anonymous_1)","decl":{"start":{"line":42,"column":21},"end":{"line":42,"column":22}},"loc":{"start":{"line":42,"column":27},"end":{"line":44,"column":13}},"line":42}},"branchMap":{},"s":{"0":2,"1":2,"2":2,"3":2,"4":2,"5":2,"6":2,"7":2,"8":0,"9":0,"10":0},"f":{"0":0,"1":0},"b":{},"_coverageSchema":"43e27e138ebf9cfc5966b082cf9a028302ed4184","hash":"bdaa3496f87d09681118c29cdc1d6ad3cc95fb17"}
,"/Users/kate/demo2/client/src/components/Related/Card.jsx": {"path":"/Users/kate/demo2/client/src/components/Related/Card.jsx","statementMap":{"0":{"start":{"line":1,"column":14},"end":{"line":1,"column":30}},"1":{"start":{"line":2,"column":17},"end":{"line":2,"column":45}},"2":{"start":{"line":3,"column":27},"end":{"line":3,"column":55}},"3":{"start":{"line":4,"column":24},"end":{"line":4,"column":52}},"4":{"start":{"line":5,"column":23},"end":{"line":5,"column":51}},"5":{"start":{"line":6,"column":23},"end":{"line":6,"column":58}},"6":{"start":{"line":7,"column":22},"end":{"line":7,"column":50}},"7":{"start":{"line":11,"column":4},"end":{"line":11,"column":33}},"8":{"start":{"line":12,"column":14},"end":{"line":12,"column":53}},"9":{"start":{"line":13,"column":27},"end":{"line":13,"column":76}},"10":{"start":{"line":14,"column":32},"end":{"line":14,"column":48}},"11":{"start":{"line":15,"column":17},"end":{"line":15,"column":50}},"12":{"start":{"line":16,"column":14},"end":{"line":16,"column":40}},"13":{"start":{"line":17,"column":21},"end":{"line":17,"column":44}},"14":{"start":{"line":19,"column":18},"end":{"line":56,"column":2}},"15":{"start":{"line":58,"column":25},"end":{"line":65,"column":1}},"16":{"start":{"line":59,"column":2},"end":{"line":63,"column":3}},"17":{"start":{"line":59,"column":15},"end":{"line":59,"column":16}},"18":{"start":{"line":60,"column":4},"end":{"line":62,"column":5}},"19":{"start":{"line":61,"column":6},"end":{"line":61,"column":15}},"20":{"start":{"line":64,"column":2},"end":{"line":64,"column":11}},"21":{"start":{"line":67,"column":20},"end":{"line":98,"column":1}},"22":{"start":{"line":68,"column":19},"end":{"line":71,"column":3}},"23":{"start":{"line":72,"column":2},"end":{"line":97,"column":36}},"24":{"start":{"line":75,"column":26},"end":{"line":75,"column":71}},"25":{"start":{"line":76,"column":6},"end":{"line":95,"column":11}},"26":{"start":{"line":78,"column":27},"end":{"line":90,"column":11}},"27":{"start":{"line":91,"column":10},"end":{"line":91,"column":26}},"28":{"start":{"line":94,"column":10},"end":{"line":94,"column":27}},"29":{"start":{"line":97,"column":18},"end":{"line":97,"column":34}},"30":{"start":{"line":100,"column":0},"end":{"line":193,"column":2}},"31":{"start":{"line":101,"column":18},"end":{"line":101,"column":29}},"32":{"start":{"line":102,"column":34},"end":{"line":112,"column":4}},"33":{"start":{"line":114,"column":2},"end":{"line":121,"column":17}},"34":{"start":{"line":115,"column":23},"end":{"line":115,"column":27}},"35":{"start":{"line":116,"column":4},"end":{"line":119,"column":7}},"36":{"start":{"line":117,"column":6},"end":{"line":117,"column":42}},"37":{"start":{"line":117,"column":24},"end":{"line":117,"column":42}},"38":{"start":{"line":120,"column":4},"end":{"line":120,"column":40}},"39":{"start":{"line":120,"column":18},"end":{"line":120,"column":38}},"40":{"start":{"line":123,"column":23},"end":{"line":123,"column":41}},"41":{"start":{"line":124,"column":19},"end":{"line":124,"column":24}},"42":{"start":{"line":125,"column":21},"end":{"line":125,"column":26}},"43":{"start":{"line":126,"column":22},"end":{"line":140,"column":3}},"44":{"start":{"line":127,"column":4},"end":{"line":139,"column":5}},"45":{"start":{"line":128,"column":6},"end":{"line":131,"column":7}},"46":{"start":{"line":129,"column":8},"end":{"line":129,"column":26}},"47":{"start":{"line":130,"column":8},"end":{"line":130,"column":36}},"48":{"start":{"line":132,"column":6},"end":{"line":135,"column":7}},"49":{"start":{"line":133,"column":8},"end":{"line":133,"column":28}},"50":{"start":{"line":134,"column":8},"end":{"line":134,"column":30}},"51":{"start":{"line":136,"column":11},"end":{"line":139,"column":5}},"52":{"start":{"line":137,"column":6},"end":{"line":137,"column":60}},"53":{"start":{"line":138,"column":6},"end":{"line":138,"column":53}},"54":{"start":{"line":142,"column":2},"end":{"line":192,"column":4}},"55":{"start":{"line":145,"column":55},"end":{"line":145,"column":73}},"56":{"start":{"line":155,"column":31},"end":{"line":155,"column":56}},"57":{"start":{"line":161,"column":31},"end":{"line":161,"column":58}}},"fnMap":{"0":{"name":"(anonymous_0)","decl":{"start":{"line":58,"column":25},"end":{"line":58,"column":26}},"loc":{"start":{"line":58,"column":36},"end":{"line":65,"column":1}},"line":58},"1":{"name":"(anonymous_1)","decl":{"start":{"line":67,"column":20},"end":{"line":67,"column":21}},"loc":{"start":{"line":67,"column":26},"end":{"line":98,"column":1}},"line":67},"2":{"name":"(anonymous_2)","decl":{"start":{"line":74,"column":10},"end":{"line":74,"column":11}},"loc":{"start":{"line":74,"column":23},"end":{"line":96,"column":5}},"line":74},"3":{"name":"(anonymous_3)","decl":{"start":{"line":77,"column":14},"end":{"line":77,"column":15}},"loc":{"start":{"line":77,"column":22},"end":{"line":92,"column":9}},"line":77},"4":{"name":"(anonymous_4)","decl":{"start":{"line":93,"column":15},"end":{"line":93,"column":16}},"loc":{"start":{"line":93,"column":22},"end":{"line":95,"column":9}},"line":93},"5":{"name":"(anonymous_5)","decl":{"start":{"line":97,"column":11},"end":{"line":97,"column":12}},"loc":{"start":{"line":97,"column":18},"end":{"line":97,"column":34}},"line":97},"6":{"name":"CardItem","decl":{"start":{"line":100,"column":26},"end":{"line":100,"column":34}},"loc":{"start":{"line":100,"column":42},"end":{"line":193,"column":1}},"line":100},"7":{"name":"(anonymous_7)","decl":{"start":{"line":114,"column":12},"end":{"line":114,"column":13}},"loc":{"start":{"line":114,"column":18},"end":{"line":121,"column":3}},"line":114},"8":{"name":"(anonymous_8)","decl":{"start":{"line":116,"column":39},"end":{"line":116,"column":40}},"loc":{"start":{"line":116,"column":47},"end":{"line":119,"column":5}},"line":116},"9":{"name":"(anonymous_9)","decl":{"start":{"line":120,"column":11},"end":{"line":120,"column":12}},"loc":{"start":{"line":120,"column":18},"end":{"line":120,"column":38}},"line":120},"10":{"name":"(anonymous_10)","decl":{"start":{"line":126,"column":22},"end":{"line":126,"column":23}},"loc":{"start":{"line":126,"column":44},"end":{"line":140,"column":3}},"line":126},"11":{"name":"(anonymous_11)","decl":{"start":{"line":145,"column":49},"end":{"line":145,"column":50}},"loc":{"start":{"line":145,"column":55},"end":{"line":145,"column":73}},"line":145},"12":{"name":"(anonymous_12)","decl":{"start":{"line":155,"column":25},"end":{"line":155,"column":26}},"loc":{"start":{"line":155,"column":31},"end":{"line":155,"column":56}},"line":155},"13":{"name":"(anonymous_13)","decl":{"start":{"line":161,"column":25},"end":{"line":161,"column":26}},"loc":{"start":{"line":161,"column":31},"end":{"line":161,"column":58}},"line":161}},"branchMap":{"0":{"loc":{"start":{"line":60,"column":4},"end":{"line":62,"column":5}},"type":"if","locations":[{"start":{"line":60,"column":4},"end":{"line":62,"column":5}},{"start":{"line":60,"column":4},"end":{"line":62,"column":5}}],"line":60},"1":{"loc":{"start":{"line":75,"column":26},"end":{"line":75,"column":71}},"type":"binary-expr","locations":[{"start":{"line":75,"column":26},"end":{"line":75,"column":66}},{"start":{"line":75,"column":70},"end":{"line":75,"column":71}}],"line":75},"2":{"loc":{"start":{"line":86,"column":14},"end":{"line":87,"column":51}},"type":"binary-expr","locations":[{"start":{"line":86,"column":14},"end":{"line":86,"column":73}},{"start":{"line":87,"column":14},"end":{"line":87,"column":51}}],"line":86},"3":{"loc":{"start":{"line":116,"column":16},"end":{"line":116,"column":29}},"type":"binary-expr","locations":[{"start":{"line":116,"column":16},"end":{"line":116,"column":24}},{"start":{"line":116,"column":28},"end":{"line":116,"column":29}}],"line":116},"4":{"loc":{"start":{"line":117,"column":6},"end":{"line":117,"column":42}},"type":"if","locations":[{"start":{"line":117,"column":6},"end":{"line":117,"column":42}},{"start":{"line":117,"column":6},"end":{"line":117,"column":42}}],"line":117},"5":{"loc":{"start":{"line":127,"column":4},"end":{"line":139,"column":5}},"type":"if","locations":[{"start":{"line":127,"column":4},"end":{"line":139,"column":5}},{"start":{"line":127,"column":4},"end":{"line":139,"column":5}}],"line":127},"6":{"loc":{"start":{"line":128,"column":6},"end":{"line":131,"column":7}},"type":"if","locations":[{"start":{"line":128,"column":6},"end":{"line":131,"column":7}},{"start":{"line":128,"column":6},"end":{"line":131,"column":7}}],"line":128},"7":{"loc":{"start":{"line":132,"column":6},"end":{"line":135,"column":7}},"type":"if","locations":[{"start":{"line":132,"column":6},"end":{"line":135,"column":7}},{"start":{"line":132,"column":6},"end":{"line":135,"column":7}}],"line":132},"8":{"loc":{"start":{"line":136,"column":11},"end":{"line":139,"column":5}},"type":"if","locations":[{"start":{"line":136,"column":11},"end":{"line":139,"column":5}},{"start":{"line":136,"column":11},"end":{"line":139,"column":5}}],"line":136},"9":{"loc":{"start":{"line":136,"column":15},"end":{"line":136,"column":43}},"type":"binary-expr","locations":[{"start":{"line":136,"column":15},"end":{"line":136,"column":26}},{"start":{"line":136,"column":30},"end":{"line":136,"column":43}}],"line":136},"10":{"loc":{"start":{"line":151,"column":13},"end":{"line":163,"column":13}},"type":"cond-expr","locations":[{"start":{"line":152,"column":14},"end":{"line":156,"column":16}},{"start":{"line":158,"column":14},"end":{"line":162,"column":16}}],"line":151},"11":{"loc":{"start":{"line":181,"column":15},"end":{"line":186,"column":15}},"type":"cond-expr","locations":[{"start":{"line":183,"column":16},"end":{"line":183,"column":56}},{"start":{"line":185,"column":16},"end":{"line":185,"column":27}}],"line":181},"12":{"loc":{"start":{"line":181,"column":15},"end":{"line":182,"column":57}},"type":"binary-expr","locations":[{"start":{"line":181,"column":15},"end":{"line":181,"column":43}},{"start":{"line":182,"column":14},"end":{"line":182,"column":57}}],"line":181}},"s":{"0":2,"1":2,"2":2,"3":2,"4":2,"5":2,"6":2,"7":2,"8":2,"9":2,"10":2,"11":2,"12":2,"13":2,"14":2,"15":2,"16":0,"17":0,"18":0,"19":0,"20":0,"21":2,"22":0,"23":0,"24":0,"25":0,"26":0,"27":0,"28":0,"29":0,"30":2,"31":0,"32":0,"33":0,"34":0,"35":0,"36":0,"37":0,"38":0,"39":0,"40":0,"41":0,"42":0,"43":0,"44":0,"45":0,"46":0,"47":0,"48":0,"49":0,"50":0,"51":0,"52":0,"53":0,"54":0,"55":0,"56":0,"57":0},"f":{"0":0,"1":0,"2":0,"3":0,"4":0,"5":0,"6":0,"7":0,"8":0,"9":0,"10":0,"11":0,"12":0,"13":0},"b":{"0":[0,0],"1":[0,0],"2":[0,0],"3":[0,0],"4":[0,0],"5":[0,0],"6":[0,0],"7":[0,0],"8":[0,0],"9":[0,0],"10":[0,0],"11":[0,0],"12":[0,0]},"_coverageSchema":"43e27e138ebf9cfc5966b082cf9a028302ed4184","hash":"6bc8e1111686509dcca3aad453529bf666f65a75"}
,"/Users/kate/demo2/client/src/components/Related/OutfitList.jsx": {"path":"/Users/kate/demo2/client/src/components/Related/OutfitList.jsx","statementMap":{"0":{"start":{"line":1,"column":14},"end":{"line":1,"column":30}},"1":{"start":{"line":2,"column":17},"end":{"line":2,"column":38}},"2":{"start":{"line":3,"column":21},"end":{"line":3,"column":49}},"3":{"start":{"line":4,"column":23},"end":{"line":4,"column":51}},"4":{"start":{"line":5,"column":25},"end":{"line":5,"column":53}},"5":{"start":{"line":6,"column":24},"end":{"line":6,"column":52}},"6":{"start":{"line":7,"column":32},"end":{"line":7,"column":48}},"7":{"start":{"line":9,"column":18},"end":{"line":25,"column":2}},"8":{"start":{"line":27,"column":0},"end":{"line":83,"column":2}},"9":{"start":{"line":28,"column":18},"end":{"line":28,"column":29}},"10":{"start":{"line":30,"column":2},"end":{"line":32,"column":22}},"11":{"start":{"line":34,"column":36},"end":{"line":36,"column":4}},"12":{"start":{"line":38,"column":22},"end":{"line":49,"column":3}},"13":{"start":{"line":39,"column":4},"end":{"line":45,"column":5}},"14":{"start":{"line":40,"column":6},"end":{"line":40,"column":71}},"15":{"start":{"line":42,"column":18},"end":{"line":42,"column":67}},"16":{"start":{"line":43,"column":6},"end":{"line":43,"column":58}},"17":{"start":{"line":43,"column":38},"end":{"line":43,"column":58}},"18":{"start":{"line":44,"column":6},"end":{"line":44,"column":67}},"19":{"start":{"line":46,"column":4},"end":{"line":48,"column":7}},"20":{"start":{"line":51,"column":27},"end":{"line":60,"column":3}},"21":{"start":{"line":52,"column":16},"end":{"line":52,"column":65}},"22":{"start":{"line":53,"column":4},"end":{"line":55,"column":7}},"23":{"start":{"line":54,"column":6},"end":{"line":54,"column":30}},"24":{"start":{"line":56,"column":4},"end":{"line":56,"column":65}},"25":{"start":{"line":57,"column":4},"end":{"line":59,"column":7}},"26":{"start":{"line":62,"column":2},"end":{"line":82,"column":4}},"27":{"start":{"line":67,"column":10},"end":{"line":78,"column":12}},"28":{"start":{"line":74,"column":16},"end":{"line":74,"column":42}}},"fnMap":{"0":{"name":"OutfitList","decl":{"start":{"line":27,"column":26},"end":{"line":27,"column":36}},"loc":{"start":{"line":27,"column":44},"end":{"line":83,"column":1}},"line":27},"1":{"name":"(anonymous_1)","decl":{"start":{"line":38,"column":22},"end":{"line":38,"column":23}},"loc":{"start":{"line":38,"column":33},"end":{"line":49,"column":3}},"line":38},"2":{"name":"(anonymous_2)","decl":{"start":{"line":51,"column":27},"end":{"line":51,"column":28}},"loc":{"start":{"line":51,"column":38},"end":{"line":60,"column":3}},"line":51},"3":{"name":"(anonymous_3)","decl":{"start":{"line":53,"column":25},"end":{"line":53,"column":26}},"loc":{"start":{"line":53,"column":33},"end":{"line":55,"column":5}},"line":53},"4":{"name":"(anonymous_4)","decl":{"start":{"line":66,"column":22},"end":{"line":66,"column":23}},"loc":{"start":{"line":66,"column":33},"end":{"line":79,"column":9}},"line":66},"5":{"name":"(anonymous_5)","decl":{"start":{"line":73,"column":29},"end":{"line":73,"column":30}},"loc":{"start":{"line":73,"column":35},"end":{"line":75,"column":15}},"line":73}},"branchMap":{"0":{"loc":{"start":{"line":30,"column":2},"end":{"line":32,"column":21}},"type":"cond-expr","locations":[{"start":{"line":31,"column":7},"end":{"line":31,"column":67}},{"start":{"line":32,"column":7},"end":{"line":32,"column":20}}],"line":30},"1":{"loc":{"start":{"line":39,"column":4},"end":{"line":45,"column":5}},"type":"if","locations":[{"start":{"line":39,"column":4},"end":{"line":45,"column":5}},{"start":{"line":39,"column":4},"end":{"line":45,"column":5}}],"line":39},"2":{"loc":{"start":{"line":43,"column":6},"end":{"line":43,"column":58}},"type":"if","locations":[{"start":{"line":43,"column":6},"end":{"line":43,"column":58}},{"start":{"line":43,"column":6},"end":{"line":43,"column":58}}],"line":43}},"s":{"0":2,"1":2,"2":2,"3":2,"4":2,"5":2,"6":2,"7":2,"8":2,"9":0,"10":0,"11":0,"12":0,"13":0,"14":0,"15":0,"16":0,"17":0,"18":0,"19":0,"20":0,"21":0,"22":0,"23":0,"24":0,"25":0,"26":0,"27":0,"28":0},"f":{"0":0,"1":0,"2":0,"3":0,"4":0,"5":0},"b":{"0":[0,0],"1":[0,0],"2":[0,0]},"_coverageSchema":"43e27e138ebf9cfc5966b082cf9a028302ed4184","hash":"7c0dc8055900b2bd126dd7c3d5655946165db4c6"}
,"/Users/kate/demo2/client/src/components/Related/RelatedCardList.jsx": {"path":"/Users/kate/demo2/client/src/components/Related/RelatedCardList.jsx","statementMap":{"0":{"start":{"line":1,"column":14},"end":{"line":1,"column":30}},"1":{"start":{"line":2,"column":17},"end":{"line":2,"column":38}},"2":{"start":{"line":3,"column":21},"end":{"line":3,"column":49}},"3":{"start":{"line":4,"column":23},"end":{"line":4,"column":51}},"4":{"start":{"line":5,"column":25},"end":{"line":5,"column":53}},"5":{"start":{"line":6,"column":18},"end":{"line":6,"column":46}},"6":{"start":{"line":7,"column":27},"end":{"line":7,"column":55}},"7":{"start":{"line":14,"column":4},"end":{"line":14,"column":32}},"8":{"start":{"line":16,"column":18},"end":{"line":58,"column":3}},"9":{"start":{"line":16,"column":39},"end":{"line":58,"column":1}},"10":{"start":{"line":60,"column":0},"end":{"line":185,"column":2}},"11":{"start":{"line":61,"column":2},"end":{"line":63,"column":3}},"12":{"start":{"line":62,"column":4},"end":{"line":62,"column":23}},"13":{"start":{"line":65,"column":26},"end":{"line":65,"column":47}},"14":{"start":{"line":66,"column":21},"end":{"line":68,"column":3}},"15":{"start":{"line":67,"column":4},"end":{"line":67,"column":18}},"16":{"start":{"line":69,"column":22},"end":{"line":71,"column":3}},"17":{"start":{"line":70,"column":4},"end":{"line":70,"column":19}},"18":{"start":{"line":73,"column":36},"end":{"line":75,"column":4}},"19":{"start":{"line":77,"column":22},"end":{"line":77,"column":69}},"20":{"start":{"line":79,"column":22},"end":{"line":119,"column":3}},"21":{"start":{"line":80,"column":22},"end":{"line":80,"column":58}},"22":{"start":{"line":81,"column":26},"end":{"line":81,"column":66}},"23":{"start":{"line":82,"column":29},"end":{"line":82,"column":31}},"24":{"start":{"line":83,"column":23},"end":{"line":83,"column":47}},"25":{"start":{"line":84,"column":27},"end":{"line":84,"column":48}},"26":{"start":{"line":85,"column":30},"end":{"line":85,"column":32}},"27":{"start":{"line":86,"column":4},"end":{"line":92,"column":6}},"28":{"start":{"line":94,"column":4},"end":{"line":97,"column":7}},"29":{"start":{"line":95,"column":6},"end":{"line":95,"column":50}},"30":{"start":{"line":96,"column":6},"end":{"line":96,"column":68}},"31":{"start":{"line":96,"column":30},"end":{"line":96,"column":68}},"32":{"start":{"line":98,"column":4},"end":{"line":101,"column":7}},"33":{"start":{"line":99,"column":6},"end":{"line":99,"column":51}},"34":{"start":{"line":100,"column":6},"end":{"line":100,"column":69}},"35":{"start":{"line":100,"column":30},"end":{"line":100,"column":69}},"36":{"start":{"line":102,"column":4},"end":{"line":109,"column":5}},"37":{"start":{"line":103,"column":6},"end":{"line":107,"column":9}},"38":{"start":{"line":108,"column":6},"end":{"line":108,"column":42}},"39":{"start":{"line":110,"column":4},"end":{"line":116,"column":5}},"40":{"start":{"line":111,"column":6},"end":{"line":115,"column":9}},"41":{"start":{"line":117,"column":4},"end":{"line":117,"column":17}},"42":{"start":{"line":118,"column":4},"end":{"line":118,"column":32}},"43":{"start":{"line":121,"column":18},"end":{"line":121,"column":29}},"44":{"start":{"line":122,"column":25},"end":{"line":122,"column":52}},"45":{"start":{"line":123,"column":16},"end":{"line":135,"column":4}},"46":{"start":{"line":124,"column":4},"end":{"line":134,"column":6}},"47":{"start":{"line":136,"column":2},"end":{"line":184,"column":4}},"48":{"start":{"line":164,"column":18},"end":{"line":164,"column":40}},"49":{"start":{"line":164,"column":33},"end":{"line":164,"column":40}},"50":{"start":{"line":165,"column":18},"end":{"line":173,"column":20}}},"fnMap":{"0":{"name":"(anonymous_0)","decl":{"start":{"line":16,"column":29},"end":{"line":16,"column":30}},"loc":{"start":{"line":16,"column":39},"end":{"line":58,"column":1}},"line":16},"1":{"name":"RelatedCardList","decl":{"start":{"line":60,"column":26},"end":{"line":60,"column":41}},"loc":{"start":{"line":60,"column":49},"end":{"line":185,"column":1}},"line":60},"2":{"name":"(anonymous_2)","decl":{"start":{"line":66,"column":21},"end":{"line":66,"column":22}},"loc":{"start":{"line":66,"column":27},"end":{"line":68,"column":3}},"line":66},"3":{"name":"(anonymous_3)","decl":{"start":{"line":69,"column":22},"end":{"line":69,"column":23}},"loc":{"start":{"line":69,"column":28},"end":{"line":71,"column":3}},"line":69},"4":{"name":"(anonymous_4)","decl":{"start":{"line":79,"column":22},"end":{"line":79,"column":23}},"loc":{"start":{"line":79,"column":38},"end":{"line":119,"column":3}},"line":79},"5":{"name":"(anonymous_5)","decl":{"start":{"line":94,"column":24},"end":{"line":94,"column":25}},"loc":{"start":{"line":94,"column":31},"end":{"line":97,"column":5}},"line":94},"6":{"name":"(anonymous_6)","decl":{"start":{"line":98,"column":25},"end":{"line":98,"column":26}},"loc":{"start":{"line":98,"column":32},"end":{"line":101,"column":5}},"line":98},"7":{"name":"(anonymous_7)","decl":{"start":{"line":123,"column":37},"end":{"line":123,"column":38}},"loc":{"start":{"line":123,
[...]
,"/Users/kate/demo2/helpers/axiosApi.js": {"path":"/Users/kate/demo2/helpers/axiosApi.js","statementMap":{"0":{"start":{"line":1,"column":0},"end":{"line":1,"column":79}}},"fnMap":{},"branchMap":{},"s":{"0":3},"f":{},"b":{},"_coverageSchema":"43e27e138ebf9cfc5966b082cf9a028302ed4184","hash":"5a004a38121ac616030497230c7834fff5ad13c4"}
,"/Users/kate/demo2/helpers/calcAverageRatings.js": {"path":"/Users/kate/demo2/helpers/calcAverageRatings.js","statementMap":{"0":{"start":{"line":1,"column":0},"end":{"line":11,"column":2}},"1":{"start":{"line":2,"column":16},"end":{"line":9,"column":3}},"2":{"start":{"line":4,"column":6},"end":{"line":4,"column":25}},"3":{"start":{"line":5,"column":6},"end":{"line":5,"column":34}},"4":{"start":{"line":6,"column":6},"end":{"line":6,"column":17}},"5":{"start":{"line":10,"column":2},"end":{"line":10,"column":39}}},"fnMap":{"0":{"name":"(anonymous_0)","decl":{"start":{"line":1,"column":17},"end":{"line":1,"column":18}},"loc":{"start":{"line":1,"column":28},"end":{"line":11,"column":1}},"line":1},"1":{"name":"(anonymous_1)","decl":{"start":{"line":3,"column":4},"end":{"line":3,"column":5}},"loc":{"start":{"line":3,"column":30},"end":{"line":7,"column":5}},"line":3}},"branchMap":{},"s":{"0":4,"1":1,"2":61,"3":61,"4":61,"5":1},"f":{"0":1,"1":61},"b":{},"_coverageSchema":"43e27e138ebf9cfc5966b082cf9a028302ed4184","hash":"23af0ed58fea88cee7de1940750d68a77671d8a0"}
,"/Users/kate/demo2/helpers/sortCriteria.js": {"path":"/Users/kate/demo2/helpers/sortCriteria.js","statementMap":{"0":{"start":{"line":7,"column":0},"end":{"line":19,"column":2}},"1":{"start":{"line":8,"column":2},"end":{"line":18,"column":4}},"2":{"start":{"line":9,"column":17},"end":{"line":9,"column":23}},"3":{"start":{"line":10,"column":17},"end":{"line":10,"column":23}},"4":{"start":{"line":11,"column":21},"end":{"line":11,"column":22}},"5":{"start":{"line":12,"column":4},"end":{"line":16,"column":5}},"6":{"start":{"line":13,"column":6},"end":{"line":13,"column":22}},"7":{"start":{"line":14,"column":11},"end":{"line":16,"column":5}},"8":{"start":{"line":15,"column":6},"end":{"line":15,"column":21}},"9":{"start":{"line":17,"column":4},"end":{"line":17,"column":61}}},"fnMap":{"0":{"name":"(anonymous_0)","decl":{"start":{"line":7,"column":17},"end":{"line":7,"column":18}},"loc":{"start":{"line":7,"column":52},"end":{"line":19,"column":1}},"line":7},"1":{"name":"compare","decl":{"start":{"line":8,"column":18},"end":{"line":8,"column":25}},"loc":{"start":{"line":8,"column":32},"end":{"line":18,"column":3}},"line":8}},"branchMap":{"0":{"loc":{"start":{"line":7,"column":23},"end":{"line":7,"column":47}},"type":"default-arg","locations":[{"start":{"line":7,"column":35},"end":{"line":7,"column":47}}],"line":7},"1":{"loc":{"start":{"line":12,"column":4},"end":{"line":16,"column":5}},"type":"if","locations":[{"start":{"line":12,"column":4},"end":{"line":16,"column":5}},{"start":{"line":12,"column":4},"end":{"line":16,"column":5}}],"line":12},"2":{"loc":{"start":{"line":14,"column":11},"end":{"line":16,"column":5}},"type":"if","locations":[{"start":{"line":14,"column":11},"end":{"line":16,"column":5}},{"start":{"line":14,"column":11},"end":{"line":16,"column":5}}],"line":14},"3":{"loc":{"start":{"line":17,"column":25},"end":{"line":17,"column":59}},"type":"cond-expr","locations":[{"start":{"line":17,"column":53},"end":{"line":17,"column":55}},{"start":{"line":17,"column":58},"end":{"line":17,"column":59}}],"line":17}},"s":{"0":3,"1":3,"2":11,"3":11,"4":11,"5":11,"6":6,"7":5,"8":4,"9":11},"f":{"0":3,"1":11},"b":{"0":[3],"1":[6,5],"2":[4,1],"3":[0,11]},"_coverageSchema":"43e27e138ebf9cfc5966b082cf9a028302ed4184","hash":"2d8a175d741ada9d37b182e95f714b0e4dd9f2a4"}
,"/Users/kate/demo2/store/index.js": {"path":"/Users/kate/demo2/store/index.js","statementMap":{"0":{"start":{"line":1,"column":58},"end":{"line":1,"column":74}},"1":{"start":{"line":2,"column":14},"end":{"line":2,"column":44}},"2":{"start":{"line":3,"column":20},"end":{"line":3,"column":58}},"3":{"start":{"line":5,"column":0},"end":{"line":5,"column":66}}},"fnMap":{},"branchMap":{},"s":{"0":1,"1":1,"2":1,"3":1},"f":{},"b":{},"_coverageSchema":"43e27e138ebf9cfc5966b082cf9a028302ed4184","hash":"fc94ee3efbb3ba83c53fef810e5bf6754dc0962a"}
,"/Users/kate/demo2/store/action-creators/changeCurrentProduct.js": {"path":"/Users/kate/demo2/store/action-creators/changeCurrentProduct.js","statementMap":{"0":{"start":{"line":1,"column":14},"end":{"line":1,"column":50}},"1":{"start":{"line":3,"column":0},"end":{"line":15,"column":2}},"2":{"start":{"line":4,"column":2},"end":{"line":14,"column":4}},"3":{"start":{"line":5,"column":4},"end":{"line":13,"column":28}},"4":{"start":{"line":8,"column":8},"end":{"line":11,"column":11}}},"fnMap":{"0":{"name":"(anonymous_0)","decl":{"start":{"line":3,"column":17},"end":{"line":3,"column":18}},"loc":{"start":{"line":3,"column":23},"end":{"line":15,"column":1}},"line":3},"1":{"name":"(anonymous_1)","decl":{"start":{"line":4,"column":9},"end":{"line":4,"column":10}},"loc":{"start":{"line":4,"column":21},"end":{"line":14,"column":3}},"line":4},"2":{"name":"(anonymous_2)","decl":{"start":{"line":7,"column":12},"end":{"line":7,"column":13}},"loc":{"start":{"line":7,"column":26},"end":{"line":12,"column":7}},"line":7}},"branchMap":{},"s":{"0":2,"1":2,"2":1,"3":1,"4":0},"f":{"0":1,"1":1,"2":0},"b":{},"_coverageSchema":"43e27e138ebf9cfc5966b082cf9a028302ed4184","hash":"f132308baf2fdc2210859ae5b67058de01d408ab"}
,"/Users/kate/demo2/store/action-creators/changeProductStyles.js": {"path":"/Users/kate/demo2/store/action-creators/changeProductStyles.js","statementMap":{"0":{"start":{"line":1,"column":14},"end":{"line":1,"column":50}},"1":{"start":{"line":3,"column":0},"end":{"line":15,"column":2}},"2":{"start":{"line":4,"column":2},"end":{"line":14,"column":4}},"3":{"start":{"line":5,"column":4},"end":{"line":13,"column":28}},"4":{"start":{"line":8,"column":8},"end":{"line":11,"column":11}}},"fnMap":{"0":{"name":"(anonymous_0)","decl":{"start":{"line":3,"column":17},"end":{"line":3,"column":18}},"loc":{"start":{"line":3,"column":23},"end":{"line":15,"column":1}},"line":3},"1":{"name":"(anonymous_1)","decl":{"start":{"line":4,"column":9},"end":{"line":4,"column":10}},"loc":{"start":{"line":4,"column":21},"end":{"line":14,"column":3}},"line":4},"2":{"name":"(anonymous_2)","decl":{"start":{"line":7,"column":12},"end":{"line":7,"column":13}},"loc":{"start":{"line":7,"column":26},"end":{"line":12,"column":7}},"line":7}},"branchMap":{},"s":{"0":2,"1":2,"2":1,"3":1,"4":0},"f":{"0":1,"1":1,"2":0},"b":{},"_coverageSchema":"43e27e138ebf9cfc5966b082cf9a028302ed4184","hash":"f8881509acafe72791b87c52f105d94e27f98c33"}
,"/Users/kate/demo2/store/action-creators/changeRelatedProducts.js": {"path":"/Users/kate/demo2/store/action-creators/changeRelatedProducts.js","statementMap":{"0":{"start":{"line":1,"column":14},"end":{"line":1,"column":50}},"1":{"start":{"line":3,"column":0},"end":{"line":15,"column":2}},"2":{"start":{"line":4,"column":2},"end":{"line":14,"column":4}},"3":{"start":{"line":5,"column":4},"end":{"line":13,"column":28}},"4":{"start":{"line":8,"column":8},"end":{"line":11,"column":11}}},"fnMap":{"0":{"name":"(anonymous_0)","decl":{"start":{"line":3,"column":17},"end":{"line":3,"column":18}},"loc":{"start":{"line":3,"column":23},"end":{"line":15,"column":1}},"line":3},"1":{"name":"(anonymous_1)","decl":{"start":{"line":4,"column":9},"end":{"line":4,"column":10}},"loc":{"start":{"line":4,"column":21},"end":{"line":14,"column":3}},"line":4},"2":{"name":"(anonymous_2)","decl":{"start":{"line":7,"column":12},"end":{"line":7,"column":13}},"loc":{"start":{"line":7,"column":26},"end":{"line":12,"column":7}},"line":7}},"branchMap":{},"s":{"0":2,"1":2,"2":1,"3":1,"4":0},"f":{"0":1,"1":1,"2":0},"b":{},"_coverageSchema":"43e27e138ebf9cfc5966b082cf9a028302ed4184","hash":"2c99de8750ca1c6d982c54a79ada121b973be82a"}
,"/Users/kate/demo2/store/action-creators/changeReviews.js": {"path":"/Users/kate/demo2/store/action-creators/changeReviews.js","statementMap":{"0":{"start":{"line":1,"column":14},"end":{"line":1,"column":50}},"1":{"start":{"line":3,"column":0},"end":{"line":15,"column":2}},"2":{"start":{"line":4,"column":2},"end":{"line":14,"column":4}},"3":{"start":{"line":5,"column":4},"end":{"line":13,"column":28}},"4":{"start":{"line":8,"column":8},"end":{"line":11,"column":11}}},"fnMap":{"0":{"name":"(anonymous_0)","decl":{"start":{"line":3,"column":17},"end":{"line":3,"column":18}},"loc":{"start":{"line":3,"column":23},"end":{"line":15,"column":1}},"line":3},"1":{"name":"(anonymous_1)","decl":{"start":{"line":4,"column":9},"end":{"line":4,"column":10}},"loc":{"start":{"line":4,"column":21},"end":{"line":14,"column":3}},"line":4},"2":{"name":"(anonymous_2)","decl":{"start":{"line":7,"column":12},"end":{"line":7,"column":13}},"loc":{"start":{"line":7,"column":26},"end":{"line":12,"column":7}},"line":7}},"branchMap":{},"s":{"0":2,"1":2,"2":1,"3":1,"4":1},"f":{"0":1,"1":1,"2":1},"b":{},"_coverageSchema":"43e27e138ebf9cfc5966b082cf9a028302ed4184","hash":"f719d8a8ccefc36ad7babe27d9bd384ff756fb2e"}
,"/Users/kate/demo2/store/action-creators/changeReviewsMeta.js": {"path":"/Users/kate/demo2/store/action-creators/changeReviewsMeta.js","statementMap":{"0":{"start":{"line":1,"column":14},"end":{"line":1,"column":50}},"1":{"start":{"line":2,"column":27},"end":{"line":2,"column":73}},"2":{"start":{"line":3,"column":26},"end":{"line":3,"column":67}},"3":{"start":{"line":5,"column":0},"end":{"line":20,"column":2}},"4":{"start":{"line":6,"column":2},"end":{"line":19,"column":4}},"5":{"start":{"line":7,"column":4},"end":{"line":18,"column":28}},"6":{"start":{"line":10,"column":26},"end":{"line":10,"column":30}},"7":{"start":{"line":11,"column":8},"end":{"line":11,"column":65}},"8":{"start":{"line":12,"column":8},"end":{"line":12,"column":68}},"9":{"start":{"line":13,"column":8},"end":{"line":16,"column":11}}},"fnMap":{"0":{"name":"(anonymous_0)","decl":{"start":{"line":5,"column":17},"end":{"line":5,"column":18}},"loc":{"start":{"line":5,"column":23},"end":{"line":20,"column":1}},"line":5},"1":{"name":"(anonymous_1)","decl":{"start":{"line":6,"column":9},"end":{"line":6,"column":10}},"loc":{"start":{"line":6,"column":21},"end":{"line":19,"column":3}},"line":6},"2":{"name":"(anonymous_2)","decl":{"start":{"line":9,"column":12},"end":{"line":9,"column":13}},"loc":{"start":{"line":9,"column":26},"end":{"line":17,"column":7}},"line":9}},"branchMap":{},"s":{"0":2,"1":2,"2":2,"3":2,"4":1,"5":1,"6":0,"7":0,"8":0,"9":0},"f":{"0":1,"1":1,"2":0},"b":{},"_coverageSchema":"43e27e138ebf9cfc5966b082cf9a028302ed4184","hash":"d403bb47b5279aeee1ffc3ac2e4d4a91aea26820"}
,"/Users/kate/demo2/store/action-creators/index.js": {"path":"/Users/kate/demo2/store/action-creators/index.js","statementMap":{"0":{"start":{"line":1,"column":29},"end":{"line":1,"column":65}},"1":{"start":{"line":2,"column":30},"end":{"line":2,"column":67}},"2":{"start":{"line":3,"column":26},"end":{"line":3,"column":59}},"3":{"start":{"line":4,"column":22},"end":{"line":4,"column":51}},"4":{"start":{"line":5,"column":28},"end":{"line":5,"column":63}},"5":{"start":{"line":6,"column":0},"end":{"line":12,"column":2}}},"fnMap":{},"branchMap":{},"s":{"0":2,"1":2,"2":2,"3":2,"4":2,"5":2},"f":{},"b":{},"_coverageSchema":"43e27e138ebf9cfc5966b082cf9a028302ed4184","hash":"14e267c8e6d7bc56e0ef3b3f1f8d66b030f63e75"}
,"/Users/kate/demo2/store/action-creators/helpers/calcRatingRelFreq.js": {"path":"/Users/kate/demo2/store/action-creators/helpers/calcRatingRelFreq.js","statementMap":{"0":{"start":{"line":1,"column":0},"end":{"line":13,"column":2}},"1":{"start":{"line":2,"column":14},"end":{"line":5,"column":7}},"2":{"start":{"line":3,"column":4},"end":{"line":3,"column":17}},"3":{"start":{"line":4,"column":4},"end":{"line":4,"column":15}},"4":{"start":{"line":6,"column":2},"end":{"line":12,"column":4}},"5":{"start":{"line":8,"column":6},"end":{"line":8,"column":33}},"6":{"start":{"line":9,"column":6},"end":{"line":9,"column":17}}},"fnMap":{"0":{"name":"(anonymous_0)","decl":{"start":{"line":1,"column":17},"end":{"line":1,"column":18}},"loc":{"start":{"line":1,"column":28},"end":{"line":13,"column":1}},"line":1},"1":{"name":"(anonymous_1)","decl":{"start":{"line":2,"column":44},"end":{"line":2,"column":45}},"loc":{"start":{"line":2,"column":60},"end":{"line":5,"column":3}},"line":2},"2":{"name":"(anonymous_2)","decl":{"start":{"line":7,"column":4},"end":{"line":7,"column":5}},"loc":{"start":{"line":7,"column":29},"end":{"line":10,"column":5}},"line":7}},"branchMap":{},"s":{"0":3,"1":1,"2":5,"3":5,"4":1,"5":5,"6":5},"f":{"0":1,"1":5,"2":5},"b":{},"_coverageSchema":"43e27e138ebf9cfc5966b082cf9a028302ed4184","hash":"dbae878ee84ffa4f6238ee264d0db9f93ac03afe"}
,"/Users/kate/demo2/store/reducers/currentProduct.js": {"path":"/Users/kate/demo2/store/reducers/currentProduct.js","statementMap":{"0":{"start":{"line":1,"column":17},"end":{"line":9,"column":1}},"1":{"start":{"line":10,"column":0},"end":{"line":17,"column":2}},"2":{"start":{"line":11,"column":2},"end":{"line":16,"column":3}},"3":{"start":{"line":13,"column":6},"end":{"line":13,"column":36}},"4":{"start":{"line":15,"column":6},"end":{"line":15,"column":19}}},"fnMap":{"0":{"name":"(anonymous_0)","decl":{"start":{"line":10,"column":17},"end":{"line":10,"column":18}},"loc":{"start":{"line":10,"column":47},"end":{"line":17,"column":1}},"line":10}},"branchMap":{"0":{"loc":{"start":{"line":10,"column":18},"end":{"line":10,"column":34}},"type":"default-arg","locations":[{"start":{"line":10,"column":26},"end":{"line":10,"column":34}}],"line":10},"1":{"loc":{"start":{"line":11,"column":2},"end":{"line":16,"column":3}},"type":"switch","locations":[{"start":{"line":12,"column":4},"end":{"line":13,"column":36}},{"start":{"line":14,"column":4},"end":{"line":15,"column":19}}],"line":11}},"s":{"0":1,"1":1,"2":3,"3":0,"4":3},"f":{"0":3},"b":{"0":[3],"1":[0,3]},"_coverageSchema":"43e27e138ebf9cfc5966b082cf9a028302ed4184","hash":"c1380c70848107a4f3fef1f4be14319c5d7ff259"}
,"/Users/kate/demo2/store/reducers/index.js": {"path":"/Users/kate/demo2/store/reducers/index.js","statementMap":{"0":{"start":{"line":1,"column":0},"end":{"line":7,"column":2}}},"fnMap":{},"branchMap":{},"s":{"0":1},"f":{},"b":{},"_coverageSchema":"43e27e138ebf9cfc5966b082cf9a028302ed4184","hash":"8a56ba372774ade10115d2d770154382d3584afc"}
,"/Users/kate/demo2/store/reducers/productStyles.js": {"path":"/Users/kate/demo2/store/reducers/productStyles.js","statementMap":{"0":{"start":{"line":1,"column":0},"end":{"line":8,"column":2}},"1":{"start":{"line":2,"column":2},"end":{"line":7,"column":3}},"2":{"start":{"line":4,"column":6},"end":{"line":4,"column":42}},"3":{"start":{"line":6,"column":6},"end":{"line":6,"column":19}}},"fnMap":{"0":{"name":"(anonymous_0)","decl":{"start":{"line":1,"column":17},"end":{"line":1,"column":18}},"loc":{"start":{"line":1,"column":41},"end":{"line":8,"column":1}},"line":1}},"branchMap":{"0":{"loc":{"start":{"line":1,"column":18},"end":{"line":1,"column":28}},"type":"default-arg","locations":[{"start":{"line":1,"column":26},"end":{"line":1,"column":28}}],"line":1},"1":{"loc":{"start":{"line":2,"column":2},"end":{"line":7,"column":3}},"type":"switch","locations":[{"start":{"line":3,"column":4},"end":{"line":4,"column":42}},{"start":{"line":5,"column":4},"end":{"line":6,"column":19}}],"line":2}},"s":{"0":1,"1":3,"2":0,"3":3},"f":{"0":3},"b":{"0":[3],"1":[0,3]},"_coverageSchema":"43e27e138ebf9cfc5966b082cf9a028302ed4184","hash":"0e22aa2436f1c98b44863227ea56b79b21eb7f9d"}
,"/Users/kate/demo2/store/reducers/relatedProducts.js": {"path":"/Users/kate/demo2/store/reducers/relatedProducts.js","statementMap":{"0":{"start":{"line":1,"column":0},"end":{"line":8,"column":2}},"1":{"start":{"line":2,"column":2},"end":{"line":7,"column":3}},"2":{"start":{"line":4,"column":6},"end":{"line":4,"column":37}},"3":{"start":{"line":6,"column":6},"end":{"line":6,"column":19}}},"fnMap":{"0":{"name":"(anonymous_0)","decl":{"start":{"line":1,"column":17},"end":{"line":1,"column":18}},"loc":{"start":{"line":1,"column":41},"end":{"line":8,"column":1}},"line":1}},"branchMap":{"0":{"loc":{"start":{"line":1,"column":18},"end":{"line":1,"column":28}},"type":"default-arg","locations":[{"start":{"line":1,"column":26},"end":{"line":1,"column":28}}],"line":1},"1":{"loc":{"start":{"line":2,"column":2},"end":{"line":7,"column":3}},"type":"switch","locations":[{"start":{"line":3,"column":4},"end":{"line":4,"column":37}},{"start":{"line":5,"column":4},"end":{"line":6,"column":19}}],"line":2}},"s":{"0":1,"1":3,"2":0,"3":3},"f":{"0":3},"b":{"0":[3],"1":[0,3]},"_coverageSchema":"43e27e138ebf9cfc5966b082cf9a028302ed4184","hash":"af1ef6bf5f0a89cf299e83f861b9138a347c4b49"}
,"/Users/kate/demo2/store/reducers/reviews.js": {"path":"/Users/kate/demo2/store/reducers/reviews.js","statementMap":{"0":{"start":{"line":1,"column":0},"end":{"line":8,"column":2}},"1":{"start":{"line":2,"column":2},"end":{"line":7,"column":3}},"2":{"start":{"line":4,"column":6},"end":{"line":4,"column":36}},"3":{"start":{"line":6,"column":6},"end":{"line":6,"column":19}}},"fnMap":{"0":{"name":"(anonymous_0)","decl":{"start":{"line":1,"column":17},"end":{"line":1,"column":18}},"loc":{"start":{"line":1,"column":41},"end":{"line":8,"column":1}},"line":1}},"branchMap":{"0":{"loc":{"start":{"line":1,"column":18},"end":{"line":1,"column":28}},"type":"default-arg","locations":[{"start":{"line":1,"column":26},"end":{"line":1,"column":28}}],"line":1},"1":{"loc":{"start":{"line":2,"column":2},"end":{"line":7,"column":3}},"type":"switch","locations":[{"start":{"line":3,"column":4},"end":{"line":4,"column":36}},{"start":{"line":5,"column":4},"end":{"line":6,"column":19}}],"line":2}},"s":{"0":1,"1":3,"2":0,"3":3},"f":{"0":3},"b":{"0":[3],"1":[0,3]},"_coverageSchema":"43e27e138ebf9cfc5966b082cf9a028302ed4184","hash":"f1c511dca1ef0ea8fcf2d1d9bd48f5ef94b96c86"}
,"/Users/kate/demo2/store/reducers/reviewsMeta.js": {"path":"/Users/kate/demo2/store/reducers/reviewsMeta.js","statementMap":{"0":{"start":{"line":1,"column":0},"end":{"line":8,"column":2}},"1":{"start":{"line":2,"column":2},"end":{"line":7,"column":3}},"2":{"start":{"line":4,"column":6},"end":{"line":4,"column":40}},"3":{"start":{"line":6,"column":6},"end":{"line":6,"column":19}}},"fnMap":{"0":{"name":"(anonymous_0)","decl":{"start":{"line":1,"column":17},"end":{"line":1,"column":18}},"loc":{"start":{"line":1,"column":41},"end":{"line":8,"column":1}},"line":1}},"branchMap":{"0":{"loc":{"start":{"line":1,"column":18},"end":{"line":1,"column":28}},"type":"default-arg","locations":[{"start":{"line":1,"column":26},"end":{"line":1,"column":28}}],"line":1},"1":{"loc":{"start":{"line":2,"column":2},"end":{"line":7,"column":3}},"type":"switch","locations":[{"start":{"line":3,"column":4},"end":{"line":4,"column":40}},{"start":{"line":5,"column":4},"end":{"line":6,"column":19}}],"line":2}},"s":{"0":1,"1":3,"2":0,"3":3},"f":{"0":3},"b":{"0":[3],"1":[0,3]},"_coverageSchema":"43e27e138ebf9cfc5966b082cf9a028302ed4184","hash":"ee2ebee7b895e70a27d5cb37eb27fbe82dce75c8"}
}
