TN:
SF:/Users/kate/demo2/client/src/App.jsx
FN:19,(anonymous_0)
FN:27,(anonymous_1)
FNF:2
FNH:1
FNDA:1,(anonymous_0)
FNDA:0,(anonymous_1)
DA:1,1
DA:2,1
DA:3,1
DA:5,1
DA:6,1
DA:8,1
DA:15,1
DA:18,1
DA:19,1
DA:20,1
DA:28,0
DA:29,0
DA:39,1
LF:13
LH:11
BRF:0
BRH:0
end_of_record
TN:
SF:/Users/kate/demo2/client/src/styles.js
FNF:0
FNH:0
DA:1,2
LF:1
LH:1
BRF:0
BRH:0
end_of_record
TN:
SF:/Users/kate/demo2/client/src/components/Omni.jsx
FN:9,(anonymous_0)
FNF:1
FNH:0
FNDA:0,(anonymous_0)
DA:1,1
DA:2,1
DA:3,1
DA:4,1
DA:5,1
DA:6,1
DA:7,1
DA:9,1
DA:10,0
LF:9
LH:8
BRF:0
BRH:0
end_of_record
TN:
SF:/Users/kate/demo2/client/src/components/Overview/AddCartMessage.jsx
FN:6,(anonymous_0)
FN:16,(anonymous_1)
FN:20,handleClick
FN:25,handleClose
FNF:4
FNH:0
FNDA:0,(anonymous_0)
FNDA:0,(anonymous_1)
FNDA:0,handleClick
FNDA:0,handleClose
DA:1,1
DA:2,1
DA:3,1
DA:4,1
DA:6,1
DA:16,1
DA:17,0
DA:18,0
DA:21,0
DA:22,0
DA:26,0
DA:27,0
DA:30,0
DA:33,0
DA:70,1
LF:15
LH:7
BRDA:26,0,0,0
BRDA:26,0,1,0
BRF:2
BRH:0
end_of_record
TN:
SF:/Users/kate/demo2/client/src/components/Overview/AddToCart.jsx
FN:6,(anonymous_0)
FN:7,(anonymous_1)
FN:13,(anonymous_2)
FN:16,(anonymous_3)
FNF:4
FNH:0
FNDA:0,(anonymous_0)
FNDA:0,(anonymous_1)
FNDA:0,(anonymous_2)
FNDA:0,(anonymous_3)
DA:1,1
DA:2,1
DA:3,1
DA:4,1
DA:6,1
DA:7,0
DA:8,0
DA:14,0
DA:17,0
DA:20,0
DA:38,1
LF:11
LH:6
BRDA:22,0,0,0
BRDA:22,0,1,0
BRF:2
BRH:0
end_of_record
TN:
SF:/Users/kate/demo2/client/src/components/Overview/App.jsx
FN:15,(anonymous_0)
FN:26,(anonymous_1)
FN:30,(anonymous_2)
FN:34,(anonymous_3)
FN:38,(anonymous_4)
FN:42,(anonymous_5)
FN:46,(anonymous_6)
FN:50,(anonymous_7)
FN:59,(anonymous_8)
FN:62,(anonymous_9)
FN:64,(anonymous_10)
FN:72,(anonymous_11)
FN:79,(anonymous_12)
FN:81,(anonymous_13)
FN:86,(anonymous_14)
FN:91,(anonymous_15)
FN:96,(anonymous_16)
FN:100,(anonymous_17)
FN:109,(anonymous_18)
FNF:19
FNH:0
FNDA:0,(anonymous_0)
FNDA:0,(anonymous_1)
FNDA:0,(anonymous_2)
FNDA:0,(anonymous_3)
FNDA:0,(anonymous_4)
FNDA:0,(anonymous_5)
FNDA:0,(anonymous_6)
FNDA:0,(anonymous_7)
FNDA:0,(anonymous_8)
FNDA:0,(anonymous_9)
FNDA:0,(anonymous_10)
FNDA:0,(anonymous_11)
FNDA:0,(anonymous_12)
FNDA:0,(anonymous_13)
FNDA:0,(anonymous_14)
FNDA:0,(anonymous_15)
FNDA:0,(anonymous_16)
FNDA:0,(anonymous_17)
FNDA:0,(anonymous_18)
DA:1,1
DA:2,1
DA:3,1
DA:4,1
DA:5,1
DA:6,1
DA:7,1
DA:8,1
DA:9,1
DA:10,1
DA:11,1
DA:12,1
DA:13,1
DA:15,1
DA:16,0
DA:21,0
DA:22,0
DA:23,0
DA:24,0
DA:26,0
DA:27,0
DA:30,0
DA:31,0
DA:34,0
DA:35,0
DA:38,0
DA:39,0
DA:42,0
DA:43,0
DA:46,0
DA:47,0
DA:50,0
DA:51,0
DA:52,0
DA:54,0
DA:55,0
DA:59,0
DA:60,0
DA:63,0
DA:65,0
DA:71,0
DA:73,0
DA:77,0
DA:80,0
DA:82,0
DA:85,0
DA:87,0
DA:92,0
DA:96,0
DA:97,0
DA:100,0
DA:101,0
DA:102,0
DA:105,0
DA:110,0
DA:207,1
LF:56
LH:15
BRDA:51,0,0,0
BRDA:51,0,1,0
BRDA:54,1,0,0
BRDA:54,1,1,0
BRDA:107,2,0,0
BRDA:107,2,1,0
BRDA:107,3,0,0
BRDA:107,3,1,0
BRDA:123,4,0,0
BRDA:123,4,1,0
BRDA:153,5,0,0
BRDA:153,5,1,0
BRDA:156,6,0,0
BRDA:156,6,1,0
BRDA:175,7,0,0
BRDA:175,7,1,0
BRF:16
BRH:0
end_of_record
TN:
SF:/Users/kate/demo2/client/src/components/Overview/ImageGallery.jsx
FN:5,(anonymous_0)
FN:20,(anonymous_1)
FN:33,(anonymous_2)
FN:72,(anonymous_3)
FNF:4
FNH:0
FNDA:0,(anonymous_0)
FNDA:0,(anonymous_1)
FNDA:0,(anonymous_2)
FNDA:0,(anonymous_3)
DA:1,1
DA:2,1
DA:3,1
DA:5,1
DA:13,0
DA:20,0
DA:21,0
DA:24,0
DA:35,0
DA:36,0
DA:37,0
DA:38,0
DA:40,0
DA:41,0
DA:43,0
DA:74,0
DA:75,0
DA:76,0
DA:77,0
DA:79,0
DA:80,0
DA:82,0
DA:114,1
LF:23
LH:5
BRDA:32,0,0,0
BRDA:32,0,1,0
BRDA:32,1,0,0
BRDA:32,1,1,0
BRDA:35,2,0,0
BRDA:35,2,1,0
BRDA:45,3,0,0
BRDA:45,3,1,0
BRDA:71,4,0,0
BRDA:71,4,1,0
BRDA:74,5,0,0
BRDA:74,5,1,0
BRDA:84,6,0,0
BRDA:84,6,1,0
BRF:14
BRH:0
end_of_record
TN:
SF:/Users/kate/demo2/client/src/components/Overview/ImageGalleryList.jsx
FN:6,(anonymous_0)
FN:7,(anonymous_1)
FN:19,(anonymous_2)
FN:27,(anonymous_3)
FN:29,(anonymous_4)
FN:44,(anonymous_5)
FN:46,(anonymous_6)
FNF:7
FNH:0
FNDA:0,(anonymous_0)
FNDA:0,(anonymous_1)
FNDA:0,(anonymous_2)
FNDA:0,(anonymous_3)
FNDA:0,(anonymous_4)
FNDA:0,(anonymous_5)
FNDA:0,(anonymous_6)
DA:1,1
DA:2,1
DA:3,1
DA:4,1
DA:6,1
DA:7,0
DA:17,0
DA:18,0
DA:19,0
DA:20,0
DA:23,0
DA:28,0
DA:29,0
DA:45,0
DA:46,0
DA:64,1
LF:16
LH:6
BRDA:26,0,0,0
BRDA:26,0,1,0
BRDA:26,1,0,0
BRDA:26,1,1,0
BRDA:30,2,0,0
BRDA:30,2,1,0
BRDA:43,3,0,0
BRDA:43,3,1,0
BRDA:47,4,0,0
BRDA:47,4,1,0
BRF:10
BRH:0
end_of_record
TN:
SF:/Users/kate/demo2/client/src/components/Overview/ProductDescription.jsx
FN:3,(anonymous_0)
FNF:1
FNH:0
FNDA:0,(anonymous_0)
DA:1,1
DA:3,1
DA:4,0
DA:14,1
LF:4
LH:3
BRF:0
BRH:0
end_of_record
TN:
SF:/Users/kate/demo2/client/src/components/Overview/ProductInformation.jsx
FN:6,(anonymous_0)
FN:25,(anonymous_1)
FNF:2
FNH:0
FNDA:0,(anonymous_0)
FNDA:0,(anonymous_1)
DA:1,1
DA:2,1
DA:3,1
DA:4,1
DA:6,1
DA:7,0
DA:11,0
DA:25,0
DA:26,0
DA:27,0
DA:28,0
DA:30,0
DA:40,0
DA:72,1
LF:14
LH:6
BRDA:27,0,0,0
BRDA:27,0,1,0
BRDA:27,1,0,0
BRDA:27,1,1,0
BRDA:44,2,0,0
BRDA:44,2,1,0
BRDA:55,3,0,0
BRDA:55,3,1,0
BRDA:64,4,0,0
BRDA:64,4,1,0
BRF:10
BRH:0
end_of_record
TN:
SF:/Users/kate/demo2/client/src/components/Overview/QuantitySizeSelect.jsx
FN:11,(anonymous_0)
FN:25,(anonymous_1)
FN:36,(anonymous_2)
FN:41,(anonymous_3)
FN:45,(anonymous_4)
FN:49,(anonymous_5)
FN:55,(anonymous_6)
FN:59,(anonymous_7)
FN:59,(anonymous_8)
FN:66,(anonymous_9)
FN:85,(anonymous_10)
FN:108,(anonymous_11)
FN:128,(anonymous_12)
FNF:13
FNH:0
FNDA:0,(anonymous_0)
FNDA:0,(anonymous_1)
FNDA:0,(anonymous_2)
FNDA:0,(anonymous_3)
FNDA:0,(anonymous_4)
FNDA:0,(anonymous_5)
FNDA:0,(anonymous_6)
FNDA:0,(anonymous_7)
FNDA:0,(anonymous_8)
FNDA:0,(anonymous_9)
FNDA:0,(anonymous_10)
FNDA:0,(anonymous_11)
FNDA:0,(anonymous_12)
DA:1,1
DA:2,1
DA:3,1
DA:9,1
DA:11,1
DA:25,1
DA:31,0
DA:36,0
DA:37,0
DA:38,0
DA:41,0
DA:42,0
DA:45,0
DA:46,0
DA:49,0
DA:50,0
DA:51,0
DA:55,0
DA:56,0
DA:59,0
DA:60,0
DA:66,0
DA:67,0
DA:68,0
DA:69,0
DA:72,0
DA:73,0
DA:74,0
DA:77,0
DA:78,0
DA:82,0
DA:85,0
DA:86,0
DA:87,0
DA:88,0
DA:90,0
DA:95,0
DA:96,0
DA:97,0
DA:98,0
DA:109,0
DA:129,0
DA:142,1
LF:43
LH:7
BRDA:50,0,0,0
BRDA:50,0,1,0
BRDA:68,1,0,0
BRDA:68,1,1,0
BRDA:72,2,0,0
BRDA:72,2,1,0
BRDA:86,3,0,0
BRDA:86,3,1,0
BRDA:87,4,0,0
BRDA:87,4,1,0
BRDA:87,5,0,0
BRDA:87,5,1,0
BRDA:107,6,0,0
BRDA:107,6,1,0
BRDA:127,7,0,0
BRDA:127,7,1,0
BRF:16
BRH:0
end_of_record
TN:
SF:/Users/kate/demo2/client/src/components/Overview/ShowCart.jsx
FN:6,(anonymous_0)
FN:40,(anonymous_1)
FN:44,(anonymous_2)
FN:48,(anonymous_3)
FN:77,(anonymous_4)
FN:99,(anonymous_5)
FNF:6
FNH:0
FNDA:0,(anonymous_0)
FNDA:0,(anonymous_1)
FNDA:0,(anonymous_2)
FNDA:0,(anonymous_3)
FNDA:0,(anonymous_4)
FNDA:0,(anonymous_5)
DA:1,1
DA:2,1
DA:3,1
DA:4,1
DA:6,1
DA:40,1
DA:41,0
DA:42,0
DA:44,0
DA:45,0
DA:48,0
DA:49,0
DA:52,0
DA:78,0
DA:100,0
DA:127,1
LF:16
LH:7
BRDA:80,0,0,0
BRDA:80,0,1,0
BRDA:114,1,0,0
BRDA:114,1,1,0
BRF:4
BRH:0
end_of_record
TN:
SF:/Users/kate/demo2/client/src/components/Overview/StyleSelector.jsx
FN:4,(anonymous_0)
FN:11,(anonymous_1)
FN:31,(anonymous_2)
FN:36,(anonymous_3)
FN:47,(anonymous_4)
FNF:5
FNH:0
FNDA:0,(anonymous_0)
FNDA:0,(anonymous_1)
FNDA:0,(anonymous_2)
FNDA:0,(anonymous_3)
FNDA:0,(anonymous_4)
DA:1,1
DA:2,1
DA:4,1
DA:11,0
DA:12,0
DA:13,0
DA:16,0
DA:32,0
DA:36,0
DA:47,0
DA:65,1
LF:11
LH:4
BRDA:18,0,0,0
BRDA:18,0,1,0
BRDA:19,1,0,0
BRDA:19,1,1,0
BRDA:34,2,0,0
BRDA:34,2,1,0
BRF:6
BRH:0
end_of_record
TN:
SF:/Users/kate/demo2/client/src/components/Overview/ViewButton.jsx
FN:5,(anonymous_0)
FNF:1
FNH:0
FNDA:0,(anonymous_0)
DA:1,1
DA:2,1
DA:3,1
DA:5,1
DA:6,0
DA:13,1
LF:6
LH:5
BRF:0
BRH:0
end_of_record
TN:
SF:/Users/kate/demo2/client/src/components/Overview/index.jsx
FN:5,(anonymous_0)
FN:6,(anonymous_1)
FNF:2
FNH:0
FNDA:0,(anonymous_0)
FNDA:0,(anonymous_1)
DA:1,1
DA:2,1
DA:3,1
DA:5,1
DA:6,0
DA:7,0
DA:8,0
DA:9,0
DA:11,0
LF:9
LH:4
BRF:0
BRH:0
end_of_record
TN:
SF:/Users/kate/demo2/client/src/components/Qna/index.jsx
FN:15,(anonymous_0)
FN:19,(anonymous_1)
FN:24,(anonymous_2)
FN:26,(anonymous_3)
FN:27,(anonymous_4)
FN:38,(anonymous_5)
FN:47,(anonymous_6)
FN:58,(anonymous_7)
FNF:8
FNH:0
FNDA:0,(anonymous_0)
FNDA:0,(anonymous_1)
FNDA:0,(anonymous_2)
FNDA:0,(anonymous_3)
FNDA:0,(anonymous_4)
FNDA:0,(anonymous_5)
FNDA:0,(anonymous_6)
FNDA:0,(anonymous_7)
DA:2,1
DA:3,1
DA:4,1
DA:7,1
DA:8,1
DA:9,1
DA:10,1
DA:11,1
DA:12,1
DA:15,1
DA:16,0
DA:19,1
DA:20,0
DA:21,0
DA:22,0
DA:24,0
DA:25,0
DA:26,0
DA:27,0
DA:30,0
DA:38,0
DA:47,0
DA:59,0
LF:23
LH:11
BRDA:44,0,0,0
BRDA:44,0,1,0
BRF:2
BRH:0
end_of_record
TN:
SF:/Users/kate/demo2/client/src/components/Qna/searchqnabutton.jsx
FN:7,(anonymous_0)
FN:44,(anonymous_1)
FNF:2
FNH:0
FNDA:0,(anonymous_0)
FNDA:0,(anonymous_1)
DA:1,1
DA:2,1
DA:3,1
DA:4,1
DA:5,1
DA:7,1
DA:44,1
DA:45,0
DA:46,0
DA:51,0
LF:10
LH:7
BRF:0
BRH:0
end_of_record
TN:
SF:/Users/kate/demo2/client/src/components/Qna/singlea.jsx
FN:10,(anonymous_0)
FN:16,(anonymous_1)
FN:20,(anonymous_2)
FN:26,(anonymous_3)
FN:27,(anonymous_4)
FN:35,(anonymous_5)
FN:51,(anonymous_6)
FNF:7
FNH:0
FNDA:0,(anonymous_0)
FNDA:0,(anonymous_1)
FNDA:0,(anonymous_2)
FNDA:0,(anonymous_3)
FNDA:0,(anonymous_4)
FNDA:0,(anonymous_5)
FNDA:0,(anonymous_6)
DA:1,1
DA:2,1
DA:3,1
DA:4,1
DA:5,1
DA:6,1
DA:7,1
DA:8,1
DA:10,1
DA:16,1
DA:17,0
DA:20,1
DA:21,0
DA:23,0
DA:24,0
DA:26,0
DA:27,0
DA:30,0
DA:36,0
DA:52,0
LF:20
LH:11
BRF:0
BRH:0
end_of_record
TN:
SF:/Users/kate/demo2/client/src/components/Qna/singleabottom.jsx
FN:7,(anonymous_0)
FN:14,(anonymous_1)
FNF:2
FNH:0
FNDA:0,(anonymous_0)
FNDA:0,(anonymous_1)
DA:1,1
DA:2,1
DA:3,1
DA:4,1
DA:5,1
DA:6,1
DA:7,1
DA:14,1
DA:15,0
DA:17,0
LF:10
LH:8
BRF:0
BRH:0
end_of_record
TN:
SF:/Users/kate/demo2/client/src/components/Qna/singleq.jsx
FN:10,(anonymous_0)
FN:22,(anonymous_1)
FN:26,(anonymous_2)
FNF:3
FNH:0
FNDA:0,(anonymous_0)
FNDA:0,(anonymous_1)
FNDA:0,(anonymous_2)
DA:1,1
DA:2,1
DA:3,1
DA:4,1
DA:5,1
DA:6,1
DA:7,1
DA:10,1
DA:22,1
DA:23,0
DA:24,0
DA:27,0
LF:12
LH:9
BRF:0
BRH:0
end_of_record
TN:
SF:/Users/kate/demo2/client/src/components/Related/AddToOutfitCard.jsx
FN:32,AddToOutfitCard
FN:42,(anonymous_1)
FNF:2
FNH:0
FNDA:0,AddToOutfitCard
FNDA:0,(anonymous_1)
DA:1,2
DA:2,2
DA:3,2
DA:4,2
DA:5,2
DA:6,2
DA:8,2
DA:32,2
DA:33,0
DA:34,0
DA:43,0
LF:11
LH:8
BRF:0
BRH:0
end_of_record
TN:
SF:/Users/kate/demo2/client/src/components/Related/Card.jsx
FN:58,(anonymous_0)
FN:67,(anonymous_1)
FN:74,(anonymous_2)
FN:77,(anonymous_3)
FN:93,(anonymous_4)
FN:97,(anonymous_5)
FN:100,CardItem
FN:114,(anonymous_7)
FN:116,(anonymous_8)
FN:120,(anonymous_9)
FN:126,(anonymous_10)
FN:145,(anonymous_11)
FN:155,(anonymous_12)
FN:161,(anonymous_13)
FNF:14
FNH:0
FNDA:0,(anonymous_0)
FNDA:0,(anonymous_1)
FNDA:0,(anonymous_2)
FNDA:0,(anonymous_3)
FNDA:0,(anonymous_4)
FNDA:0,(anonymous_5)
FNDA:0,CardItem
FNDA:0,(anonymous_7)
FNDA:0,(anonymous_8)
FNDA:0,(anonymous_9)
FNDA:0,(anonymous_10)
FNDA:0,(anonymous_11)
FNDA:0,(anonymous_12)
FNDA:0,(anonymous_13)
DA:1,2
DA:2,2
DA:3,2
DA:4,2
DA:5,2
DA:6,2
DA:7,2
DA:11,2
DA:12,2
DA:13,2
DA:14,2
DA:15,2
DA:16,2
DA:17,2
DA:19,2
DA:58,2
DA:59,0
DA:60,0
DA:61,0
DA:64,0
DA:67,2
DA:68,0
DA:72,0
DA:75,0
DA:76,0
DA:78,0
DA:91,0
DA:94,0
DA:97,0
DA:100,2
DA:101,0
DA:102,0
DA:114,0
DA:115,0
DA:116,0
DA:117,0
DA:120,0
DA:123,0
DA:124,0
DA:125,0
DA:126,0
DA:127,0
DA:128,0
DA:129,0
DA:130,0
DA:132,0
DA:133,0
DA:134,0
DA:136,0
DA:137,0
DA:138,0
DA:142,0
DA:145,0
DA:155,0
DA:161,0
LF:55
LH:18
BRDA:60,0,0,0
BRDA:60,0,1,0
BRDA:75,1,0,0
BRDA:75,1,1,0
BRDA:86,2,0,0
BRDA:86,2,1,0
BRDA:116,3,0,0
BRDA:116,3,1,0
BRDA:117,4,0,0
BRDA:117,4,1,0
BRDA:127,5,0,0
BRDA:127,5,1,0
BRDA:128,6,0,0
BRDA:128,6,1,0
BRDA:132,7,0,0
BRDA:132,7,1,0
BRDA:136,8,0,0
BRDA:136,8,1,0
BRDA:136,9,0,0
BRDA:136,9,1,0
BRDA:151,10,0,0
BRDA:151,10,1,0
BRDA:181,11,0,0
BRDA:181,11,1,0
BRDA:181,12,0,0
BRDA:181,12,1,0
BRF:26
BRH:0
end_of_record
TN:
SF:/Users/kate/demo2/client/src/components/Related/OutfitList.jsx
FN:27,OutfitList
FN:38,(anonymous_1)
FN:51,(anonymous_2)
FN:53,(anonymous_3)
FN:66,(anonymous_4)
FN:73,(anonymous_5)
FNF:6
FNH:0
FNDA:0,OutfitList
FNDA:0,(anonymous_1)
FNDA:0,(anonymous_2)
FNDA:0,(anonymous_3)
FNDA:0,(anonymous_4)
FNDA:0,(anonymous_5)
DA:1,2
DA:2,2
DA:3,2
DA:4,2
DA:5,2
DA:6,2
DA:7,2
DA:9,2
DA:27,2
DA:28,0
DA:30,0
DA:34,0
DA:38,0
DA:39,0
DA:40,0
DA:42,0
DA:43,0
DA:44,0
DA:46,0
DA:51,0
DA:52,0
DA:53,0
DA:54,0
DA:56,0
DA:57,0
DA:62,0
DA:67,0
DA:74,0
LF:28
LH:9
BRDA:30,0,0,0
BRDA:30,0,1,0
BRDA:39,1,0,0
BRDA:39,1,1,0
BRDA:43,2,0,0
BRDA:43,2,1,0
BRF:6
BRH:0
end_of_record
TN:
SF:/Users/kate/demo2/client/src/components/Related/RelatedCardList.jsx
FN:16,(anonymous_0)
FN:60,RelatedCardList
FN:66,(anonymous_2)
FN:69,(anonymous_3)
FN:79,(anonymous_4)
FN:94,(anonymous_5)
FN:98,(anonymous_6)
FN:123,(anonymous_7)
FN:163,(anonymous_8)
FNF:9
FNH:0
FNDA:0,(anonymous_0)
FNDA:0,RelatedCardList
FNDA:0,(anonymous_2)
FNDA:0,(anonymous_3)
FNDA:0,(anonymous_4)
FNDA:0,(anonymous_5)
FNDA:0,(anonymous_6)
FNDA:0,(anonymous_7)
FNDA:0,(anonymous_8)
DA:1,2
DA:2,2
DA:3,2
DA:4,2
DA:5,2
DA:6,2
DA:7,2
DA:14,2
DA:16,2
DA:60,2
DA:61,0
DA:62,0
DA:65,0
DA:66,0
DA:67,0
DA:69,0
DA:70,0
DA:73,0
DA:77,0
DA:79,0
DA:80,0
DA:81,0
DA:82,0
DA:83,0
DA:84,0
DA:85,0
DA:86,0
DA:94,0
DA:95,0
DA:96,0
DA:98,0
DA:99,0
DA:100,0
DA:102,0
DA:103,0
DA:108,0
DA:110,0
DA:111,0
DA:117,0
DA:118,0
DA:121,0
DA:122,0
DA:123,0
DA:124,0
DA:136,0
DA:164,0
DA:165,0
LF:47
LH:10
BRDA:61,0,0,0
BRDA:61,0,1,0
BRDA:96,1,0,0
BRDA:96,1,1,0
BRDA:100,2,0,0
BRDA:100,2,1,0
BRDA:104,3,0,0
BRDA:104,3,1,0
BRDA:106,4,0,0
BRDA:106,4,1,0
BRDA:112,5,0,0
BRDA:112,5,1,0
BRDA:114,6,0,0
BRDA:114,6,1,0
BRDA:164,7,0,0
BRDA:164,7,1,0
BRF:16
BRH:0
end_of_record
TN:
SF:/Users/kate/demo2/client/src/components/Related/index.jsx
FN:10,(anonymous_0)
FN:14,(anonymous_1)
FN:17,(anonymous_2)
FN:22,(anonymous_3)
FNF:4
FNH:3
FNDA:1,(anonymous_0)
FNDA:1,(anonymous_1)
FNDA:0,(anonymous_2)
FNDA:1,(anonymous_3)
DA:1,2
DA:2,2
DA:3,2
DA:4,2
DA:5,2
DA:6,2
DA:11,1
DA:15,1
DA:18,0
DA:19,0
DA:23,1
DA:44,2
LF:12
LH:10
BRDA:18,0,0,0
BRDA:18,0,1,0
BRF:2
BRH:0
end_of_record
TN:
SF:/Users/kate/demo2/client/src/components/Related/sampleData.js
FNF:0
FNH:0
DA:1,2
DA:17,2
LF:2
LH:2
BRF:0
BRH:0
end_of_record
TN:
SF:/Users/kate/demo2/client/src/components/Reviews/AddReview.jsx
FN:22,(anonymous_0)
FN:29,(anonymous_1)
FN:36,(anonymous_2)
FN:38,(anonymous_3)
FN:71,(anonymous_4)
FN:73,(anonymous_5)
FN:81,(anonymous_6)
FN:93,(anonymous_7)
FNF:8
FNH:0
FNDA:0,(anonymous_0)
FNDA:0,(anonymous_1)
FNDA:0,(anonymous_2)
FNDA:0,(anonymous_3)
FNDA:0,(anonymous_4)
FNDA:0,(anonymous_5)
FNDA:0,(anonymous_6)
FNDA:0,(anonymous_7)
DA:1,1
DA:2,1
DA:11,1
DA:12,1
DA:14,1
DA:15,1
DA:16,1
DA:17,1
DA:18,1
DA:19,1
DA:20,1
DA:22,1
DA:28,0
DA:29,0
DA:30,0
DA:32,0
DA:33,0
DA:34,0
DA:35,0
DA:36,0
DA:37,0
DA:38,0
DA:39,0
DA:40,0
DA:43,0
DA:45,0
DA:71,0
DA:74,0
DA:82,0
DA:94,0
LF:30
LH:12
BRDA:39,0,0,0
BRDA:39,0,1,0
BRDA:39,1,0,0
BRDA:39,1,1,0
BRDA:55,2,0,0
BRDA:55,2,1,0
BRDA:74,3,0,0
BRDA:74,3,1,0
BRDA:74,4,0,0
BRDA:74,4,1,0
BRDA:78,5,0,0
BRDA:78,5,1,0
BRF:12
BRH:0
end_of_record
TN:
SF:/Users/kate/demo2/client/src/components/Reviews/AvgRatingAndStar.jsx
FN:6,(anonymous_0)
FNF:1
FNH:0
FNDA:0,(anonymous_0)
DA:1,1
DA:2,1
DA:4,1
DA:6,1
DA:7,0
LF:5
LH:4
BRDA:10,0,0,0
BRDA:10,0,1,0
BRDA:19,1,0,0
BRDA:19,1,1,0
BRF:4
BRH:0
end_of_record
TN:
SF:/Users/kate/demo2/client/src/components/Reviews/OverallRatingSelect.jsx
FN:6,(anonymous_0)
FN:13,(anonymous_1)
FNF:2
FNH:0
FNDA:0,(anonymous_0)
FNDA:0,(anonymous_1)
DA:1,1
DA:2,1
DA:3,1
DA:6,1
DA:7,0
DA:8,0
DA:9,0
DA:11,0
DA:15,0
DA:19,0
DA:20,0
DA:21,0
DA:22,0
LF:13
LH:4
BRDA:15,0,0,0
BRDA:15,0,1,0
BRDA:20,1,0,0
BRDA:20,1,1,0
BRDA:20,2,0,0
BRDA:20,2,1,0
BRDA:20,2,2,0
BRF:7
BRH:0
end_of_record
TN:
SF:/Users/kate/demo2/client/src/components/Reviews/ProgressBar.jsx
FN:3,(anonymous_0)
FNF:1
FNH:0
FNDA:0,(anonymous_0)
DA:1,1
DA:3,1
DA:4,0
LF:3
LH:2
BRDA:9,0,0,0
BRDA:9,0,1,0
BRF:2
BRH:0
end_of_record
TN:
SF:/Users/kate/demo2/client/src/components/Reviews/QualityRadioSelect.jsx
FN:7,(anonymous_0)
FN:9,(anonymous_1)
FN:19,(anonymous_2)
FN:25,(anonymous_3)
FNF:4
FNH:0
FNDA:0,(anonymous_0)
FNDA:0,(anonymous_1)
FNDA:0,(anonymous_2)
FNDA:0,(anonymous_3)
DA:1,1
DA:2,1
DA:3,1
DA:4,1
DA:5,1
DA:7,1
DA:9,1
DA:10,0
DA:11,0
DA:20,0
DA:25,0
LF:11
LH:7
BRDA:27,0,0,0
BRDA:27,0,1,0
BRDA:27,1,0,0
BRDA:27,1,1,0
BRF:4
BRH:0
end_of_record
TN:
SF:/Users/kate/demo2/client/src/components/Reviews/QualityRatings.jsx
FN:7,(anonymous_0)
FN:10,(anonymous_1)
FNF:2
FNH:0
FNDA:0,(anonymous_0)
FNDA:0,(anonymous_1)
DA:1,1
DA:2,1
DA:3,1
DA:4,1
DA:5,1
DA:7,1
DA:8,0
DA:11,0
LF:8
LH:6
BRDA:10,0,0,0
BRDA:10,0,1,0
BRF:2
BRH:0
end_of_record
TN:
SF:/Users/kate/demo2/client/src/components/Reviews/RatingHistogram.jsx
FN:9,(anonymous_0)
FN:13,(anonymous_1)
FN:15,(anonymous_2)
FNF:3
FNH:0
FNDA:0,(anonymous_0)
FNDA:0,(anonymous_1)
FNDA:0,(anonymous_2)
DA:1,1
DA:2,1
DA:3,1
DA:4,1
DA:5,1
DA:7,1
DA:9,1
DA:10,0
DA:11,0
DA:14,0
DA:16,0
LF:11
LH:7
BRDA:13,0,0,0
BRDA:13,0,1,0
BRDA:32,1,0,0
BRDA:32,1,1,0
BRF:4
BRH:0
end_of_record
TN:
SF:/Users/kate/demo2/client/src/components/Reviews/Ratings.jsx
FN:12,(anonymous_0)
FNF:1
FNH:0
FNDA:0,(anonymous_0)
DA:1,1
DA:2,1
DA:3,1
DA:4,1
DA:6,1
DA:7,1
DA:8,1
DA:10,1
DA:12,1
DA:18,0
DA:19,0
LF:11
LH:9
BRDA:29,0,0,0
BRDA:29,0,1,0
BRDA:39,1,0,0
BRDA:39,1,1,0
BRDA:53,2,0,0
BRDA:53,2,1,0
BRDA:53,3,0,0
BRDA:53,3,1,0
BRF:8
BRH:0
end_of_record
TN:
SF:/Users/kate/demo2/client/src/components/Reviews/RecommRadioSelect.jsx
FN:7,(anonymous_0)
FN:9,(anonymous_1)
FN:19,(anonymous_2)
FN:25,(anonymous_3)
FNF:4
FNH:0
FNDA:0,(anonymous_0)
FNDA:0,(anonymous_1)
FNDA:0,(anonymous_2)
FNDA:0,(anonymous_3)
DA:1,1
DA:2,1
DA:3,1
DA:4,1
DA:5,1
DA:7,1
DA:9,1
DA:10,0
DA:11,0
DA:20,0
DA:25,0
LF:11
LH:7
BRDA:27,0,0,0
BRDA:27,0,1,0
BRF:2
BRH:0
end_of_record
TN:
SF:/Users/kate/demo2/client/src/components/Reviews/RevAuthor.jsx
FN:6,(anonymous_0)
FN:13,(anonymous_1)
FNF:2
FNH:0
FNDA:0,(anonymous_0)
FNDA:0,(anonymous_1)
DA:1,1
DA:3,1
DA:5,1
DA:6,1
DA:13,1
DA:14,0
DA:15,0
LF:7
LH:5
BRF:0
BRH:0
end_of_record
TN:
SF:/Users/kate/demo2/client/src/components/Reviews/RevBody.jsx
FN:4,(anonymous_0)
FNF:1
FNH:0
FNDA:0,(anonymous_0)
DA:1,1
DA:2,1
DA:4,1
DA:5,0
LF:4
LH:3
BRF:0
BRH:0
end_of_record
TN:
SF:/Users/kate/demo2/client/src/components/Reviews/RevHelpfulOrReport.jsx
FN:7,(anonymous_0)
FN:19,(anonymous_1)
FNF:2
FNH:0
FNDA:0,(anonymous_0)
FNDA:0,(anonymous_1)
DA:1,1
DA:2,1
DA:3,1
DA:4,1
DA:5,1
DA:7,1
DA:19,1
DA:20,0
DA:21,0
LF:9
LH:7
BRF:0
BRH:0
end_of_record
TN:
SF:/Users/kate/demo2/client/src/components/Reviews/RevMarkHelpful.jsx
FN:4,(anonymous_0)
FN:6,(anonymous_1)
FNF:2
FNH:0
FNDA:0,(anonymous_0)
FNDA:0,(anonymous_1)
DA:1,1
DA:2,1
DA:4,1
DA:5,0
LF:4
LH:3
BRF:0
BRH:0
end_of_record
TN:
SF:/Users/kate/demo2/client/src/components/Reviews/RevPhotos.jsx
FN:6,(anonymous_0)
FN:20,(anonymous_1)
FN:26,(anonymous_2)
FN:28,(anonymous_3)
FNF:4
FNH:0
FNDA:0,(anonymous_0)
FNDA:0,(anonymous_1)
FNDA:0,(anonymous_2)
FNDA:0,(anonymous_3)
DA:1,1
DA:2,1
DA:3,1
DA:4,1
DA:6,1
DA:20,1
DA:21,0
DA:23,0
DA:27,0
DA:28,0
LF:10
LH:6
BRF:0
BRH:0
end_of_record
TN:
SF:/Users/kate/demo2/client/src/components/Reviews/RevRecomm.jsx
FN:6,(anonymous_0)
FN:13,(anonymous_1)
FNF:2
FNH:0
FNDA:0,(anonymous_0)
FNDA:0,(anonymous_1)
DA:1,1
DA:3,1
DA:5,1
DA:6,1
DA:13,1
DA:14,0
DA:15,0
LF:7
LH:5
BRDA:19,0,0,0
BRDA:19,0,1,0
BRF:2
BRH:0
end_of_record
TN:
SF:/Users/kate/demo2/client/src/components/Reviews/RevReport.jsx
FN:4,(anonymous_0)
FN:6,(anonymous_1)
FNF:2
FNH:0
FNDA:0,(anonymous_0)
FNDA:0,(anonymous_1)
DA:1,1
DA:2,1
DA:4,1
DA:5,0
LF:4
LH:3
BRF:0
BRH:0
end_of_record
TN:
SF:/Users/kate/demo2/client/src/components/Reviews/RevResponse.jsx
FN:6,(anonymous_0)
FN:13,(anonymous_1)
FNF:2
FNH:0
FNDA:0,(anonymous_0)
FNDA:0,(anonymous_1)
DA:1,1
DA:3,1
DA:5,1
DA:6,1
DA:13,1
DA:14,0
DA:15,0
LF:7
LH:5
BRF:0
BRH:0
end_of_record
TN:
SF:/Users/kate/demo2/client/src/components/Reviews/RevStarsAndDetails.jsx
FN:8,(anonymous_0)
FN:15,(anonymous_1)
FNF:2
FNH:0
FNDA:0,(anonymous_0)
FNDA:0,(anonymous_1)
DA:1,1
DA:3,1
DA:5,1
DA:6,1
DA:7,1
DA:8,1
DA:15,1
DA:16,0
DA:17,0
LF:9
LH:7
BRF:0
BRH:0
end_of_record
TN:
SF:/Users/kate/demo2/client/src/components/Reviews/RevTitle.jsx
FN:4,(anonymous_0)
FNF:1
FNH:0
FNDA:0,(anonymous_0)
DA:1,1
DA:2,1
DA:4,1
DA:5,0
LF:4
LH:3
BRF:0
BRH:0
end_of_record
TN:
SF:/Users/kate/demo2/client/src/components/Reviews/RevsList.jsx
FN:12,(anonymous_0)
FN:28,(anonymous_1)
FN:30,(anonymous_2)
FN:56,(anonymous_3)
FNF:4
FNH:0
FNDA:0,(anonymous_0)
FNDA:0,(anonymous_1)
FNDA:0,(anonymous_2)
FNDA:0,(anonymous_3)
DA:1,1
DA:2,1
DA:3,1
DA:4,1
DA:6,1
DA:7,1
DA:8,1
DA:9,1
DA:10,1
DA:12,1
DA:22,0
DA:23,0
DA:24,0
DA:29,0
DA:31,0
DA:32,0
DA:57,0
LF:17
LH:10
BRDA:48,0,0,0
BRDA:48,0,1,0
BRF:2
BRH:0
end_of_record
TN:
SF:/Users/kate/demo2/client/src/components/Reviews/RevsListItem.jsx
FN:17,(anonymous_0)
FN:37,(anonymous_1)
FNF:2
FNH:0
FNDA:0,(anonymous_0)
FNDA:0,(anonymous_1)
DA:1,1
DA:2,1
DA:3,1
DA:4,1
DA:5,1
DA:6,1
DA:7,1
DA:8,1
DA:9,1
DA:10,1
DA:12,1
DA:13,1
DA:15,1
DA:17,1
DA:18,0
DA:19,0
DA:20,0
DA:21,0
DA:22,0
DA:23,0
DA:24,0
DA:37,0
LF:22
LH:14
BRDA:29,0,0,0
BRDA:29,0,1,0
BRDA:35,1,0,0
BRDA:35,1,1,0
BRDA:35,2,0,0
BRDA:35,2,1,0
BRDA:36,3,0,0
BRDA:36,3,1,0
BRDA:36,4,0,0
BRDA:36,4,1,0
BRDA:41,5,0,0
BRDA:41,5,1,0
BRDA:45,6,0,0
BRDA:45,6,1,0
BRF:14
BRH:0
end_of_record
TN:
SF:/Users/kate/demo2/client/src/components/Reviews/SortReviewSelect.jsx
FN:11,(anonymous_0)
FN:18,(anonymous_1)
FN:27,(anonymous_2)
FNF:3
FNH:0
FNDA:0,(anonymous_0)
FNDA:0,(anonymous_1)
FNDA:0,(anonymous_2)
DA:1,1
DA:2,1
DA:9,1
DA:11,1
DA:18,1
DA:19,0
DA:20,0
DA:27,0
LF:8
LH:5
BRF:0
BRH:0
end_of_record
TN:
SF:/Users/kate/demo2/client/src/components/Reviews/ThumbnailModal.jsx
FN:14,(anonymous_0)
FN:31,(anonymous_1)
FNF:2
FNH:0
FNDA:0,(anonymous_0)
FNDA:0,(anonymous_1)
DA:1,1
DA:3,1
DA:12,1
DA:14,1
DA:31,1
DA:32,0
DA:34,0
LF:7
LH:5
BRF:0
BRH:0
end_of_record
TN:
SF:/Users/kate/demo2/client/src/components/Reviews/UploadThumbnails.jsx
FN:6,(anonymous_0)
FN:20,(anonymous_1)
FN:26,(anonymous_2)
FNF:3
FNH:0
FNDA:0,(anonymous_0)
FNDA:0,(anonymous_1)
FNDA:0,(anonymous_2)
DA:1,1
DA:2,1
DA:3,1
DA:4,1
DA:6,1
DA:20,1
DA:21,0
DA:23,0
DA:27,0
LF:9
LH:6
BRF:0
BRH:0
end_of_record
TN:
SF:/Users/kate/demo2/client/src/components/Reviews/index.jsx
FN:11,(anonymous_0)
FN:17,(anonymous_1)
FN:24,(anonymous_2)
FN:34,(anonymous_3)
FN:43,(anonymous_4)
FN:52,(anonymous_5)
FN:61,(anonymous_6)
FN:70,(anonymous_7)
FNF:8
FNH:0
FNDA:0,(anonymous_0)
FNDA:0,(anonymous_1)
FNDA:0,(anonymous_2)
FNDA:0,(anonymous_3)
FNDA:0,(anonymous_4)
FNDA:0,(anonymous_5)
FNDA:0,(anonymous_6)
FNDA:0,(anonymous_7)
DA:1,1
DA:2,1
DA:3,1
DA:4,1
DA:5,1
DA:6,1
DA:7,1
DA:8,1
DA:9,1
DA:11,1
DA:17,1
DA:24,0
DA:25,0
DA:26,0
DA:28,0
DA:29,0
DA:30,0
DA:31,0
DA:33,0
DA:34,0
DA:37,0
DA:44,0
DA:45,0
DA:46,0
DA:48,0
DA:50,0
DA:52,0
DA:62,0
DA:71,0
DA:72,0
DA:73,0
LF:31
LH:11
BRDA:34,0,0,0
BRDA:34,0,1,0
BRDA:45,1,0,0
BRDA:45,1,1,0
BRDA:62,2,0,0
BRDA:62,2,1,0
BRDA:67,3,0,0
BRDA:67,3,1,0
BRF:8
BRH:0
end_of_record
TN:
SF:/Users/kate/demo2/client/src/components/Reviews/constants/characteristics.js
FNF:0
FNH:0
DA:1,1
LF:1
LH:1
BRF:0
BRH:0
end_of_record
TN:
SF:/Users/kate/demo2/client/src/components/Reviews/helpers/sortReviews.js
FN:3,(anonymous_0)
FN:5,(anonymous_1)
FN:9,(anonymous_2)
FN:12,(anonymous_3)
FN:19,(anonymous_4)
FNF:5
FNH:5
FNDA:1,(anonymous_0)
FNDA:6,(anonymous_1)
FNDA:4,(anonymous_2)
FNDA:4,(anonymous_3)
FNDA:4,(anonymous_4)
DA:1,2
DA:3,2
DA:4,1
DA:5,1
DA:6,6
DA:8,1
DA:9,1
DA:10,4
DA:12,1
DA:13,4
DA:15,1
DA:18,1
DA:19,4
LF:13
LH:13
BRDA:6,0,0,1
BRDA:6,0,1,5
BRF:2
BRH:2
end_of_record
TN:
SF:/Users/kate/demo2/client/src/components/shared/Helpfulness.jsx
FN:7,(anonymous_0)
FN:20,(anonymous_1)
FN:21,(anonymous_2)
FN:22,(anonymous_3)
FN:30,(anonymous_4)
FN:32,(anonymous_5)
FN:33,(anonymous_6)
FN:50,(anonymous_7)
FN:53,(anonymous_8)
FN:54,(anonymous_9)
FNF:10
FNH:0
FNDA:0,(anonymous_0)
FNDA:0,(anonymous_1)
FNDA:0,(anonymous_2)
FNDA:0,(anonymous_3)
FNDA:0,(anonymous_4)
FNDA:0,(anonymous_5)
FNDA:0,(anonymous_6)
FNDA:0,(anonymous_7)
FNDA:0,(anonymous_8)
FNDA:0,(anonymous_9)
DA:1,1
DA:2,1
DA:3,1
DA:4,1
DA:5,1
DA:7,1
DA:19,1
DA:20,0
DA:21,0
DA:22,0
DA:30,1
DA:37,0
DA:38,0
DA:39,0
DA:51,0
DA:52,0
DA:53,0
DA:55,0
DA:56,0
LF:19
LH:8
BRDA:32,0,0,0
BRDA:33,1,0,0
BRF:2
BRH:0
end_of_record
TN:
SF:/Users/kate/demo2/client/src/components/shared/MarkerBar.jsx
FN:3,(anonymous_0)
FNF:1
FNH:0
FNDA:0,(anonymous_0)
DA:1,1
DA:3,1
DA:4,0
LF:3
LH:2
BRF:0
BRH:0
end_of_record
TN:
SF:/Users/kate/demo2/client/src/components/shared/Modal.jsx
FN:14,(anonymous_0)
FN:41,(anonymous_1)
FN:42,(anonymous_2)
FN:43,(anonymous_3)
FN:46,(anonymous_4)
FN:72,(anonymous_5)
FN:72,(anonymous_6)
FN:77,(anonymous_7)
FN:80,(anonymous_8)
FN:164,(anonymous_9)
FN:172,(anonymous_10)
FN:177,(anonymous_11)
FNF:12
FNH:0
FNDA:0,(anonymous_0)
FNDA:0,(anonymous_1)
FNDA:0,(anonymous_2)
FNDA:0,(anonymous_3)
FNDA:0,(anonymous_4)
FNDA:0,(anonymous_5)
FNDA:0,(anonymous_6)
FNDA:0,(anonymous_7)
FNDA:0,(anonymous_8)
FNDA:0,(anonymous_9)
FNDA:0,(anonymous_10)
FNDA:0,(anonymous_11)
DA:1,1
DA:2,1
DA:3,1
DA:12,1
DA:14,1
DA:40,1
DA:41,0
DA:42,0
DA:43,0
DA:46,1
DA:58,0
DA:60,0
DA:68,0
DA:72,0
DA:73,0
DA:76,0
DA:77,0
DA:78,0
DA:80,0
DA:81,0
DA:84,0
DA:165,0
DA:166,0
DA:167,0
DA:168,0
DA:169,0
DA:170,0
DA:174,0
DA:175,0
DA:178,0
DA:179,0
LF:31
LH:7
BRDA:69,0,0,0
BRDA:69,0,1,0
BRDA:86,1,0,0
BRDA:86,1,1,0
BRDA:114,2,0,0
BRDA:114,2,1,0
BRDA:116,3,0,0
BRDA:116,3,1,0
BRDA:175,4,0,0
BRDA:175,4,1,0
BRF:10
BRH:0
end_of_record
TN:
SF:/Users/kate/demo2/client/src/components/shared/Price.jsx
FN:27,Price
FNF:1
FNH:0
FNDA:0,Price
DA:1,2
DA:2,2
DA:3,2
DA:9,2
DA:27,2
DA:28,0
DA:29,0
DA:30,0
DA:36,0
LF:9
LH:5
BRDA:29,0,0,0
BRDA:29,0,1,0
BRDA:29,1,0,0
BRDA:29,1,1,0
BRF:4
BRH:0
end_of_record
TN:
SF:/Users/kate/demo2/client/src/components/shared/Report.jsx
FN:7,(anonymous_0)
FN:20,(anonymous_1)
FN:21,(anonymous_2)
FN:22,(anonymous_3)
FN:33,(anonymous_4)
FN:33,(anonymous_5)
FN:33,(anonymous_6)
FN:43,(anonymous_7)
FN:44,(anonymous_8)
FN:48,(anonymous_9)
FNF:10
FNH:0
FNDA:0,(anonymous_0)
FNDA:0,(anonymous_1)
FNDA:0,(anonymous_2)
FNDA:0,(anonymous_3)
FNDA:0,(anonymous_4)
FNDA:0,(anonymous_5)
FNDA:0,(anonymous_6)
FNDA:0,(anonymous_7)
FNDA:0,(anonymous_8)
FNDA:0,(anonymous_9)
DA:1,1
DA:2,1
DA:3,1
DA:4,1
DA:5,1
DA:7,1
DA:19,1
DA:20,0
DA:21,0
DA:22,0
DA:33,1
DA:34,0
DA:35,0
DA:36,0
DA:45,0
DA:46,0
DA:49,0
DA:50,0
LF:18
LH:8
BRDA:33,0,0,0
BRDA:33,1,0,0
BRDA:42,2,0,0
BRDA:42,2,1,0
BRDA:55,3,0,0
BRDA:55,3,1,0
BRF:6
BRH:0
end_of_record
TN:
SF:/Users/kate/demo2/client/src/components/shared/ShowMoreButton.jsx
FN:5,(anonymous_0)
FN:12,(anonymous_1)
FNF:2
FNH:0
FNDA:0,(anonymous_0)
FNDA:0,(anonymous_1)
DA:1,1
DA:2,1
DA:3,1
DA:5,1
DA:12,1
DA:13,0
DA:14,0
LF:7
LH:5
BRDA:14,0,0,0
BRDA:14,0,1,0
BRDA:16,1,0,0
BRDA:16,1,1,0
BRDA:20,2,0,0
BRDA:20,2,1,0
BRF:6
BRH:0
end_of_record
TN:
SF:/Users/kate/demo2/client/src/components/shared/StarFill.jsx
FN:4,(anonymous_0)
FN:14,(anonymous_1)
FN:17,(anonymous_2)
FNF:3
FNH:0
FNDA:0,(anonymous_0)
FNDA:0,(anonymous_1)
FNDA:0,(anonymous_2)
DA:1,2
DA:2,2
DA:4,2
DA:11,0
DA:12,0
LF:5
LH:3
BRDA:9,0,0,0
BRDA:11,1,0,0
BRDA:11,1,1,0
BRDA:14,2,0,0
BRDA:14,2,1,0
BRDA:15,3,0,0
BRDA:15,3,1,0
BRDA:17,4,0,0
BRDA:17,4,1,0
BRF:9
BRH:0
end_of_record
TN:
SF:/Users/kate/demo2/client/src/components/shared/fileUpload.js
FN:1,(anonymous_0)
FN:14,(anonymous_1)
FN:15,(anonymous_2)
FNF:3
FNH:0
FNDA:0,(anonymous_0)
FNDA:0,(anonymous_1)
FNDA:0,(anonymous_2)
DA:1,1
DA:2,0
DA:4,0
DA:15,0
DA:19,0
DA:20,0
LF:6
LH:1
BRF:0
BRH:0
end_of_record
TN:
SF:/Users/kate/demo2/client/src/components/shared/helpers/starsToPct.js
FN:3,(anonymous_0)
FN:4,(anonymous_1)
FNF:2
FNH:1
FNDA:42,(anonymous_0)
FNDA:0,(anonymous_1)
DA:1,2
DA:3,42
DA:4,2
DA:5,0
DA:6,0
DA:8,0
DA:9,0
DA:10,0
DA:11,0
DA:13,0
DA:14,0
DA:15,0
DA:16,0
LF:13
LH:3
BRDA:5,0,0,0
BRDA:5,0,1,0
BRDA:15,1,0,0
BRDA:15,1,1,0
BRF:4
BRH:0
end_of_record
TN:
SF:/Users/kate/demo2/client/src/containers/OverviewContainer.js
FN:11,(anonymous_0)
FN:17,(anonymous_1)
FN:18,(anonymous_2)
FN:19,(anonymous_3)
FNF:4
FNH:0
FNDA:0,(anonymous_0)
FNDA:0,(anonymous_1)
FNDA:0,(anonymous_2)
FNDA:0,(anonymous_3)
DA:1,1
DA:2,1
DA:9,1
DA:11,1
DA:17,1
DA:18,0
DA:19,0
DA:22,1
LF:8
LH:6
BRF:0
BRH:0
end_of_record
TN:
SF:/Users/kate/demo2/client/src/containers/QnaContainer.js
FN:4,(anonymous_0)
FNF:1
FNH:0
FNDA:0,(anonymous_0)
DA:1,1
DA:2,1
DA:4,1
LF:3
LH:3
BRF:0
BRH:0
end_of_record
TN:
SF:/Users/kate/demo2/client/src/containers/RelatedContainer.js
FN:8,(anonymous_0)
FN:13,(anonymous_1)
FN:14,(anonymous_2)
FN:15,(anonymous_3)
FNF:4
FNH:0
FNDA:0,(anonymous_0)
FNDA:0,(anonymous_1)
FNDA:0,(anonymous_2)
FNDA:0,(anonymous_3)
DA:1,1
DA:2,1
DA:6,1
DA:8,1
DA:13,1
DA:14,0
DA:15,0
DA:17,1
LF:8
LH:6
BRF:0
BRH:0
end_of_record
TN:
SF:/Users/kate/demo2/client/src/containers/ReviewsContainer.js
FN:8,(anonymous_0)
FN:14,(anonymous_1)
FN:15,(anonymous_2)
FN:16,(anonymous_3)
FNF:4
FNH:0
FNDA:0,(anonymous_0)
FNDA:0,(anonymous_1)
FNDA:0,(anonymous_2)
FNDA:0,(anonymous_3)
DA:1,1
DA:2,1
DA:6,1
DA:8,1
DA:14,1
DA:15,0
DA:16,0
DA:19,1
LF:8
LH:6
BRF:0
BRH:0
end_of_record
TN:
SF:/Users/kate/demo2/helpers/axiosApi.js
FNF:0
FNH:0
DA:1,3
LF:1
LH:1
BRF:0
BRH:0
end_of_record
TN:
SF:/Users/kate/demo2/helpers/calcAverageRatings.js
FN:1,(anonymous_0)
FN:3,(anonymous_1)
FNF:2
FNH:2
FNDA:1,(anonymous_0)
FNDA:61,(anonymous_1)
DA:1,4
DA:2,1
DA:4,61
DA:5,61
DA:6,61
DA:10,1
LF:6
LH:6
BRF:0
BRH:0
end_of_record
TN:
SF:/Users/kate/demo2/helpers/sortCriteria.js
FN:7,(anonymous_0)
FN:8,compare
FNF:2
FNH:2
FNDA:3,(anonymous_0)
FNDA:11,compare
DA:7,3
DA:8,3
DA:9,11
DA:10,11
DA:11,11
DA:12,11
DA:13,6
DA:14,5
DA:15,4
DA:17,11
LF:10
LH:10
BRDA:7,0,0,3
BRDA:12,1,0,6
BRDA:12,1,1,5
BRDA:14,2,0,4
BRDA:14,2,1,1
BRDA:17,3,0,0
BRDA:17,3,1,11
BRF:7
BRH:6
end_of_record
TN:
SF:/Users/kate/demo2/store/index.js
FNF:0
FNH:0
DA:1,1
DA:2,1
DA:3,1
DA:5,1
LF:4
LH:4
BRF:0
BRH:0
end_of_record
TN:
SF:/Users/kate/demo2/store/action-creators/changeCurrentProduct.js
FN:3,(anonymous_0)
FN:4,(anonymous_1)
FN:7,(anonymous_2)
FNF:3
FNH:2
FNDA:1,(anonymous_0)
FNDA:1,(anonymous_1)
FNDA:0,(anonymous_2)
DA:1,2
DA:3,2
DA:4,1
DA:5,1
DA:8,0
LF:5
LH:4
BRF:0
BRH:0
end_of_record
TN:
SF:/Users/kate/demo2/store/action-creators/changeProductStyles.js
FN:3,(anonymous_0)
FN:4,(anonymous_1)
FN:7,(anonymous_2)
FNF:3
FNH:2
FNDA:1,(anonymous_0)
FNDA:1,(anonymous_1)
FNDA:0,(anonymous_2)
DA:1,2
DA:3,2
DA:4,1
DA:5,1
DA:8,0
LF:5
LH:4
BRF:0
BRH:0
end_of_record
TN:
SF:/Users/kate/demo2/store/action-creators/changeRelatedProducts.js
FN:3,(anonymous_0)
FN:4,(anonymous_1)
FN:7,(anonymous_2)
FNF:3
FNH:2
FNDA:1,(anonymous_0)
FNDA:1,(anonymous_1)
FNDA:0,(anonymous_2)
DA:1,2
DA:3,2
DA:4,1
DA:5,1
DA:8,0
LF:5
LH:4
BRF:0
BRH:0
end_of_record
TN:
SF:/Users/kate/demo2/store/action-creators/changeReviews.js
FN:3,(anonymous_0)
FN:4,(anonymous_1)
FN:7,(anonymous_2)
FNF:3
FNH:3
FNDA:1,(anonymous_0)
FNDA:1,(anonymous_1)
FNDA:1,(anonymous_2)
DA:1,2
DA:3,2
DA:4,1
DA:5,1
DA:8,1
LF:5
LH:5
BRF:0
BRH:0
end_of_record
TN:
SF:/Users/kate/demo2/store/action-creators/changeReviewsMeta.js
FN:5,(anonymous_0)
FN:6,(anonymous_1)
FN:9,(anonymous_2)
FNF:3
FNH:2
FNDA:1,(anonymous_0)
FNDA:1,(anonymous_1)
FNDA:0,(anonymous_2)
DA:1,2
DA:2,2
DA:3,2
DA:5,2
DA:6,1
DA:7,1
DA:10,0
DA:11,0
DA:12,0
DA:13,0
LF:10
LH:6
BRF:0
BRH:0
end_of_record
TN:
SF:/Users/kate/demo2/store/action-creators/index.js
FNF:0
FNH:0
DA:1,2
DA:2,2
DA:3,2
DA:4,2
DA:5,2
DA:6,2
LF:6
LH:6
BRF:0
BRH:0
end_of_record
TN:
SF:/Users/kate/demo2/store/action-creators/helpers/calcRatingRelFreq.js
FN:1,(anonymous_0)
FN:2,(anonymous_1)
FN:7,(anonymous_2)
FNF:3
FNH:3
FNDA:1,(anonymous_0)
FNDA:5,(anonymous_1)
FNDA:5,(anonymous_2)
DA:1,3
DA:2,1
DA:3,5
DA:4,5
DA:6,1
DA:8,5
DA:9,5
LF:7
LH:7
BRF:0
BRH:0
end_of_record
TN:
SF:/Users/kate/demo2/store/reducers/currentProduct.js
FN:10,(anonymous_0)
FNF:1
FNH:1
FNDA:3,(anonymous_0)
DA:1,1
DA:10,1
DA:11,3
DA:13,0
DA:15,3
LF:5
LH:4
BRDA:10,0,0,3
BRDA:11,1,0,0
BRDA:11,1,1,3
BRF:3
BRH:2
end_of_record
TN:
SF:/Users/kate/demo2/store/reducers/index.js
FNF:0
FNH:0
DA:1,1
LF:1
LH:1
BRF:0
BRH:0
end_of_record
TN:
SF:/Users/kate/demo2/store/reducers/productStyles.js
FN:1,(anonymous_0)
FNF:1
FNH:1
FNDA:3,(anonymous_0)
DA:1,1
DA:2,3
DA:4,0
DA:6,3
LF:4
LH:3
BRDA:1,0,0,3
BRDA:2,1,0,0
BRDA:2,1,1,3
BRF:3
BRH:2
end_of_record
TN:
SF:/Users/kate/demo2/store/reducers/relatedProducts.js
FN:1,(anonymous_0)
FNF:1
FNH:1
FNDA:3,(anonymous_0)
DA:1,1
DA:2,3
DA:4,0
DA:6,3
LF:4
LH:3
BRDA:1,0,0,3
BRDA:2,1,0,0
BRDA:2,1,1,3
BRF:3
BRH:2
end_of_record
TN:
SF:/Users/kate/demo2/store/reducers/reviews.js
FN:1,(anonymous_0)
FNF:1
FNH:1
FNDA:3,(anonymous_0)
DA:1,1
DA:2,3
DA:4,0
DA:6,3
LF:4
LH:3
BRDA:1,0,0,3
BRDA:2,1,0,0
BRDA:2,1,1,3
BRF:3
BRH:2
end_of_record
TN:
SF:/Users/kate/demo2/store/reducers/reviewsMeta.js
FN:1,(anonymous_0)
FNF:1
FNH:1
FNDA:3,(anonymous_0)
DA:1,1
DA:2,3
DA:4,0
DA:6,3
LF:4
LH:3
BRDA:1,0,0,3
BRDA:2,1,0,0
BRDA:2,1,1,3
BRF:3
BRH:2
end_of_record
